[23-May-2020 23:38:09 Africa/Lagos] PHP Warning:  include_once(../vendor/autoload.php): failed to open stream: No such file or directory in /home2/initfram/public_html/test/public/index.php on line 14
[23-May-2020 23:38:09 Africa/Lagos] PHP Warning:  include_once(): Failed opening '../vendor/autoload.php' for inclusion (include_path='.:/opt/alt/php73/usr/share/pear') in /home2/initfram/public_html/test/public/index.php on line 14
[23-May-2020 23:38:09 Africa/Lagos] PHP Warning:  include_once(../app/config.php): failed to open stream: No such file or directory in /home2/initfram/public_html/test/public/index.php on line 16
[23-May-2020 23:38:09 Africa/Lagos] PHP Warning:  include_once(): Failed opening '../app/config.php' for inclusion (include_path='.:/opt/alt/php73/usr/share/pear') in /home2/initfram/public_html/test/public/index.php on line 16
[23-May-2020 23:38:09 Africa/Lagos] PHP Fatal error:  Uncaught Error: Class 'Framework\Http\Http' not found in /home2/initfram/public_html/test/public/index.php:19
Stack trace:
#0 {main}
  thrown in /home2/initfram/public_html/test/public/index.php on line 19
[23-May-2020 23:40:12 Africa/Lagos] PHP Warning:  include_once(../app/config.php): failed to open stream: No such file or directory in /home2/initfram/public_html/test/public/index.php on line 16
[23-May-2020 23:40:12 Africa/Lagos] PHP Warning:  include_once(): Failed opening '../app/config.php' for inclusion (include_path='.:/opt/alt/php73/usr/share/pear') in /home2/initfram/public_html/test/public/index.php on line 16
[23-May-2020 23:40:12 Africa/Lagos] PHP Warning:  Use of undefined constant TIMEZONE - assumed 'TIMEZONE' (this will throw an Error in a future version of PHP) in /home2/initfram/public_html/test/vendor/ebukaodini/initframework/src/Framework/Http/Middleware.php on line 30
[23-May-2020 23:40:12 Africa/Lagos] PHP Notice:  date_default_timezone_set(): Timezone ID 'TIMEZONE' is invalid in /home2/initfram/public_html/test/vendor/ebukaodini/initframework/src/Framework/Http/Middleware.php on line 30
[23-May-2020 23:40:12 Africa/Lagos] PHP Warning:  Use of undefined constant SESSION_LIFETIME - assumed 'SESSION_LIFETIME' (this will throw an Error in a future version of PHP) in /home2/initfram/public_html/test/vendor/ebukaodini/initframework/src/Framework/Http/Middleware.php on line 33
[23-May-2020 23:40:12 Africa/Lagos] PHP Warning:  A non-numeric value encountered in /home2/initfram/public_html/test/vendor/ebukaodini/initframework/src/Framework/Http/Middleware.php on line 33
[23-May-2020 23:40:12 Africa/Lagos] PHP Warning:  Use of undefined constant SERVER - assumed 'SERVER' (this will throw an Error in a future version of PHP) in /home2/initfram/public_html/test/vendor/ebukaodini/initframework/src/Framework/Http/Middleware.php on line 35
[23-May-2020 23:40:12 Africa/Lagos] PHP Warning:  Use of undefined constant DEV_SERVER - assumed 'DEV_SERVER' (this will throw an Error in a future version of PHP) in /home2/initfram/public_html/test/vendor/ebukaodini/initframework/src/Framework/Http/Middleware.php on line 35
[23-May-2020 23:40:12 Africa/Lagos] PHP Warning:  Use of undefined constant SERVER - assumed 'SERVER' (this will throw an Error in a future version of PHP) in /home2/initfram/public_html/test/vendor/ebukaodini/initframework/src/Framework/Http/Middleware.php on line 35
[23-May-2020 23:40:12 Africa/Lagos] PHP Warning:  Use of undefined constant SESSION_NAME - assumed 'SESSION_NAME' (this will throw an Error in a future version of PHP) in /home2/initfram/public_html/test/vendor/ebukaodini/initframework/src/Framework/Http/Middleware.php on line 41
[23-May-2020 23:40:12 Africa/Lagos] PHP Warning:  Use of undefined constant SERVER - assumed 'SERVER' (this will throw an Error in a future version of PHP) in /home2/initfram/public_html/test/vendor/ebukaodini/initframework/src/Framework/Http/Request.php on line 167
[23-May-2020 23:40:12 Africa/Lagos] PHP Warning:  Use of undefined constant SERVER - assumed 'SERVER' (this will throw an Error in a future version of PHP) in /home2/initfram/public_html/test/vendor/ebukaodini/initframework/src/Framework/Http/Request.php on line 214
[23-May-2020 23:40:12 Africa/Lagos] PHP Warning:  Use of undefined constant MAINTENANCE - assumed 'MAINTENANCE' (this will throw an Error in a future version of PHP) in /home2/initfram/public_html/test/vendor/ebukaodini/initframework/src/Framework/Http/Middleware.php on line 57
[23-May-2020 23:40:12 Africa/Lagos] PHP Warning:  Use of undefined constant MAINTENANCE_ALLOWED_IP - assumed 'MAINTENANCE_ALLOWED_IP' (this will throw an Error in a future version of PHP) in /home2/initfram/public_html/test/vendor/ebukaodini/initframework/src/Framework/Http/Middleware.php on line 57
[23-May-2020 23:40:12 Africa/Lagos] PHP Warning:  in_array() expects parameter 2 to be array, string given in /home2/initfram/public_html/test/vendor/ebukaodini/initframework/src/Framework/Http/Middleware.php on line 57
[23-May-2020 23:40:12 Africa/Lagos] PHP Warning:  Use of undefined constant TEMPLATE_DIR - assumed 'TEMPLATE_DIR' (this will throw an Error in a future version of PHP) in /home2/initfram/public_html/test/vendor/ebukaodini/initframework/src/Framework/Http/Response.php on line 104
[23-May-2020 23:40:12 Africa/Lagos] PHP Warning:  Use of undefined constant TEMPLATE_ENGINE - assumed 'TEMPLATE_ENGINE' (this will throw an Error in a future version of PHP) in /home2/initfram/public_html/test/vendor/ebukaodini/initframework/src/Framework/Http/Response.php on line 125
[23-May-2020 23:40:12 Africa/Lagos] PHP Warning:  Use of undefined constant TEMPLATE_ENGINE - assumed 'TEMPLATE_ENGINE' (this will throw an Error in a future version of PHP) in /home2/initfram/public_html/test/vendor/ebukaodini/initframework/src/Framework/Http/Response.php on line 127
[23-May-2020 23:40:12 Africa/Lagos] PHP Warning:  Use of undefined constant ERROR_DISPLAY - assumed 'ERROR_DISPLAY' (this will throw an Error in a future version of PHP) in /home2/initfram/public_html/test/vendor/ebukaodini/initframework/src/Framework/Handler/IException.php on line 30
[23-May-2020 23:40:12 Africa/Lagos] PHP Warning:  Use of undefined constant ERROR_LOG - assumed 'ERROR_LOG' (this will throw an Error in a future version of PHP) in /home2/initfram/public_html/test/vendor/ebukaodini/initframework/src/Framework/Handler/IException.php on line 86
[23-May-2020 23:40:12 Africa/Lagos] PHP Warning:  Use of undefined constant EMAIL_LOG - assumed 'EMAIL_LOG' (this will throw an Error in a future version of PHP) in /home2/initfram/public_html/test/vendor/ebukaodini/initframework/src/Framework/Handler/IException.php on line 94
[23-May-2020 23:40:13 Africa/Lagos] PHP Warning:  include_once(../app/config.php): failed to open stream: No such file or directory in /home2/initfram/public_html/test/public/index.php on line 16
[23-May-2020 23:40:13 Africa/Lagos] PHP Warning:  include_once(): Failed opening '../app/config.php' for inclusion (include_path='.:/opt/alt/php73/usr/share/pear') in /home2/initfram/public_html/test/public/index.php on line 16
[23-May-2020 23:40:13 Africa/Lagos] PHP Warning:  Use of undefined constant TIMEZONE - assumed 'TIMEZONE' (this will throw an Error in a future version of PHP) in /home2/initfram/public_html/test/vendor/ebukaodini/initframework/src/Framework/Http/Middleware.php on line 30
[23-May-2020 23:40:13 Africa/Lagos] PHP Notice:  date_default_timezone_set(): Timezone ID 'TIMEZONE' is invalid in /home2/initfram/public_html/test/vendor/ebukaodini/initframework/src/Framework/Http/Middleware.php on line 30
[23-May-2020 23:40:13 Africa/Lagos] PHP Warning:  Use of undefined constant SESSION_LIFETIME - assumed 'SESSION_LIFETIME' (this will throw an Error in a future version of PHP) in /home2/initfram/public_html/test/vendor/ebukaodini/initframework/src/Framework/Http/Middleware.php on line 33
[23-May-2020 23:40:13 Africa/Lagos] PHP Warning:  A non-numeric value encountered in /home2/initfram/public_html/test/vendor/ebukaodini/initframework/src/Framework/Http/Middleware.php on line 33
[23-May-2020 23:40:13 Africa/Lagos] PHP Warning:  Use of undefined constant SERVER - assumed 'SERVER' (this will throw an Error in a future version of PHP) in /home2/initfram/public_html/test/vendor/ebukaodini/initframework/src/Framework/Http/Middleware.php on line 35
[23-May-2020 23:40:13 Africa/Lagos] PHP Warning:  Use of undefined constant DEV_SERVER - assumed 'DEV_SERVER' (this will throw an Error in a future version of PHP) in /home2/initfram/public_html/test/vendor/ebukaodini/initframework/src/Framework/Http/Middleware.php on line 35
[23-May-2020 23:40:13 Africa/Lagos] PHP Warning:  Use of undefined constant SERVER - assumed 'SERVER' (this will throw an Error in a future version of PHP) in /home2/initfram/public_html/test/vendor/ebukaodini/initframework/src/Framework/Http/Middleware.php on line 35
[23-May-2020 23:40:13 Africa/Lagos] PHP Warning:  Use of undefined constant SESSION_NAME - assumed 'SESSION_NAME' (this will throw an Error in a future version of PHP) in /home2/initfram/public_html/test/vendor/ebukaodini/initframework/src/Framework/Http/Middleware.php on line 41
[23-May-2020 23:40:13 Africa/Lagos] PHP Warning:  Use of undefined constant SERVER - assumed 'SERVER' (this will throw an Error in a future version of PHP) in /home2/initfram/public_html/test/vendor/ebukaodini/initframework/src/Framework/Http/Request.php on line 167
[23-May-2020 23:40:13 Africa/Lagos] PHP Warning:  Use of undefined constant MAINTENANCE - assumed 'MAINTENANCE' (this will throw an Error in a future version of PHP) in /home2/initfram/public_html/test/vendor/ebukaodini/initframework/src/Framework/Http/Middleware.php on line 57
[23-May-2020 23:40:13 Africa/Lagos] PHP Warning:  Use of undefined constant MAINTENANCE_ALLOWED_IP - assumed 'MAINTENANCE_ALLOWED_IP' (this will throw an Error in a future version of PHP) in /home2/initfram/public_html/test/vendor/ebukaodini/initframework/src/Framework/Http/Middleware.php on line 57
[23-May-2020 23:40:13 Africa/Lagos] PHP Warning:  in_array() expects parameter 2 to be array, string given in /home2/initfram/public_html/test/vendor/ebukaodini/initframework/src/Framework/Http/Middleware.php on line 57
[23-May-2020 23:40:13 Africa/Lagos] PHP Warning:  Use of undefined constant TEMPLATE_DIR - assumed 'TEMPLATE_DIR' (this will throw an Error in a future version of PHP) in /home2/initfram/public_html/test/vendor/ebukaodini/initframework/src/Framework/Http/Response.php on line 104
[23-May-2020 23:40:13 Africa/Lagos] PHP Warning:  Use of undefined constant TEMPLATE_ENGINE - assumed 'TEMPLATE_ENGINE' (this will throw an Error in a future version of PHP) in /home2/initfram/public_html/test/vendor/ebukaodini/initframework/src/Framework/Http/Response.php on line 125
[23-May-2020 23:40:13 Africa/Lagos] PHP Warning:  Use of undefined constant TEMPLATE_ENGINE - assumed 'TEMPLATE_ENGINE' (this will throw an Error in a future version of PHP) in /home2/initfram/public_html/test/vendor/ebukaodini/initframework/src/Framework/Http/Response.php on line 127
[23-May-2020 23:40:13 Africa/Lagos] PHP Warning:  Use of undefined constant ERROR_DISPLAY - assumed 'ERROR_DISPLAY' (this will throw an Error in a future version of PHP) in /home2/initfram/public_html/test/vendor/ebukaodini/initframework/src/Framework/Handler/IException.php on line 30
[23-May-2020 23:40:13 Africa/Lagos] PHP Warning:  Use of undefined constant ERROR_LOG - assumed 'ERROR_LOG' (this will throw an Error in a future version of PHP) in /home2/initfram/public_html/test/vendor/ebukaodini/initframework/src/Framework/Handler/IException.php on line 86
[23-May-2020 23:40:13 Africa/Lagos] PHP Warning:  Use of undefined constant EMAIL_LOG - assumed 'EMAIL_LOG' (this will throw an Error in a future version of PHP) in /home2/initfram/public_html/test/vendor/ebukaodini/initframework/src/Framework/Handler/IException.php on line 94
[23-May-2020 22:42:00 UTC] PHP Fatal error:  Uncaught Error: Class 'App\Services\User' not found in /home2/initfram/public_html/test/vendor/ebukaodini/initframework/src/Framework/Http/Response.php:126
Stack trace:
#0 /home2/initfram/public_html/test/public/index.php(115): Framework\Http\Response->render('login.html')
#1 /home2/initfram/public_html/test/vendor/ebukaodini/initframework/src/Framework/Http/Http.php(96): App\{closure}(Object(Framework\Http\Request), Object(Framework\Http\Response))
#2 /home2/initfram/public_html/test/vendor/ebukaodini/initframework/src/Framework/Http/Http.php(28): Framework\Http\Http->handle_request('/login', Object(Closure))
#3 /home2/initfram/public_html/test/public/index.php(116): Framework\Http\Http->get('/login', Object(Closure))
#4 {main}
  thrown in /home2/initfram/public_html/test/vendor/ebukaodini/initframework/src/Framework/Http/Response.php on line 126
[24-May-2020 05:54:21 UTC] PHP Fatal error:  Uncaught Error: Class 'App\Services\User' not found in /home2/initfram/public_html/test/vendor/ebukaodini/initframework/src/Framework/Http/Response.php:126
Stack trace:
#0 /home2/initfram/public_html/test/public/index.php(115): Framework\Http\Response->render('login.html')
#1 /home2/initfram/public_html/test/vendor/ebukaodini/initframework/src/Framework/Http/Http.php(96): App\{closure}(Object(Framework\Http\Request), Object(Framework\Http\Response))
#2 /home2/initfram/public_html/test/vendor/ebukaodini/initframework/src/Framework/Http/Http.php(28): Framework\Http\Http->handle_request('/login', Object(Closure))
#3 /home2/initfram/public_html/test/public/index.php(116): Framework\Http\Http->get('/login', Object(Closure))
#4 {main}
  thrown in /home2/initfram/public_html/test/vendor/ebukaodini/initframework/src/Framework/Http/Response.php on line 126
[24-May-2020 05:54:31 UTC] PHP Fatal error:  Uncaught Error: Class 'App\Services\User' not found in /home2/initfram/public_html/test/vendor/ebukaodini/initframework/src/Framework/Http/Response.php:126
Stack trace:
#0 /home2/initfram/public_html/test/vendor/ebukaodini/initframework/src/Framework/Http/Http.php(132): Framework\Http\Response->render('framework/404.h...')
#1 /home2/initfram/public_html/test/public/index.php(169): Framework\Http\Http->end()
#2 {main}
  thrown in /home2/initfram/public_html/test/vendor/ebukaodini/initframework/src/Framework/Http/Response.php on line 126
[24-May-2020 05:54:35 UTC] PHP Fatal error:  Uncaught Error: Class 'App\Services\User' not found in /home2/initfram/public_html/test/vendor/ebukaodini/initframework/src/Framework/Http/Response.php:126
Stack trace:
#0 /home2/initfram/public_html/test/public/index.php(115): Framework\Http\Response->render('login.html')
#1 /home2/initfram/public_html/test/vendor/ebukaodini/initframework/src/Framework/Http/Http.php(96): App\{closure}(Object(Framework\Http\Request), Object(Framework\Http\Response))
#2 /home2/initfram/public_html/test/vendor/ebukaodini/initframework/src/Framework/Http/Http.php(28): Framework\Http\Http->handle_request('/login', Object(Closure))
#3 /home2/initfram/public_html/test/public/index.php(116): Framework\Http\Http->get('/login', Object(Closure))
#4 {main}
  thrown in /home2/initfram/public_html/test/vendor/ebukaodini/initframework/src/Framework/Http/Response.php on line 126
[24-May-2020 05:54:43 UTC] PHP Fatal error:  Uncaught Error: Class 'App\Services\User' not found in /home2/initfram/public_html/test/vendor/ebukaodini/initframework/src/Framework/Http/Response.php:126
Stack trace:
#0 /home2/initfram/public_html/test/vendor/ebukaodini/initframework/src/Framework/Http/Http.php(132): Framework\Http\Response->render('framework/404.h...')
#1 /home2/initfram/public_html/test/public/index.php(169): Framework\Http\Http->end()
#2 {main}
  thrown in /home2/initfram/public_html/test/vendor/ebukaodini/initframework/src/Framework/Http/Response.php on line 126
[24-May-2020 17:01:10 UTC] PHP Fatal error:  Uncaught Error: Class 'App\Services\User' not found in /home2/initfram/public_html/test/vendor/ebukaodini/initframework/src/Framework/Http/Response.php:126
Stack trace:
#0 /home2/initfram/public_html/test/vendor/ebukaodini/initframework/src/Framework/Http/Http.php(132): Framework\Http\Response->render('framework/404.h...')
#1 /home2/initfram/public_html/test/public/index.php(169): Framework\Http\Http->end()
#2 {main}
  thrown in /home2/initfram/public_html/test/vendor/ebukaodini/initframework/src/Framework/Http/Response.php on line 126
[24-May-2020 19:27:21 UTC] PHP Fatal error:  Uncaught Error: Class 'App\Services\User' not found in /home2/initfram/public_html/test/vendor/ebukaodini/initframework/src/Framework/Http/Response.php:126
Stack trace:
#0 /home2/initfram/public_html/test/public/index.php(115): Framework\Http\Response->render('login.html')
#1 /home2/initfram/public_html/test/vendor/ebukaodini/initframework/src/Framework/Http/Http.php(96): App\{closure}(Object(Framework\Http\Request), Object(Framework\Http\Response))
#2 /home2/initfram/public_html/test/vendor/ebukaodini/initframework/src/Framework/Http/Http.php(28): Framework\Http\Http->handle_request('/login', Object(Closure))
#3 /home2/initfram/public_html/test/public/index.php(116): Framework\Http\Http->get('/login', Object(Closure))
#4 {main}
  thrown in /home2/initfram/public_html/test/vendor/ebukaodini/initframework/src/Framework/Http/Response.php on line 126
[24-May-2020 19:27:24 UTC] PHP Fatal error:  Uncaught Error: Class 'App\Services\User' not found in /home2/initfram/public_html/test/vendor/ebukaodini/initframework/src/Framework/Http/Response.php:126
Stack trace:
#0 /home2/initfram/public_html/test/public/index.php(115): Framework\Http\Response->render('login.html')
#1 /home2/initfram/public_html/test/vendor/ebukaodini/initframework/src/Framework/Http/Http.php(96): App\{closure}(Object(Framework\Http\Request), Object(Framework\Http\Response))
#2 /home2/initfram/public_html/test/vendor/ebukaodini/initframework/src/Framework/Http/Http.php(28): Framework\Http\Http->handle_request('/login', Object(Closure))
#3 /home2/initfram/public_html/test/public/index.php(116): Framework\Http\Http->get('/login', Object(Closure))
#4 {main}
  thrown in /home2/initfram/public_html/test/vendor/ebukaodini/initframework/src/Framework/Http/Response.php on line 126
[25-May-2020 04:53:34 UTC] PHP Fatal error:  Uncaught Error: Class 'App\Services\User' not found in /home2/initfram/public_html/test/vendor/ebukaodini/initframework/src/Framework/Http/Response.php:126
Stack trace:
#0 /home2/initfram/public_html/test/vendor/ebukaodini/initframework/src/Framework/Http/Http.php(132): Framework\Http\Response->render('framework/404.h...')
#1 /home2/initfram/public_html/test/public/index.php(169): Framework\Http\Http->end()
#2 {main}
  thrown in /home2/initfram/public_html/test/vendor/ebukaodini/initframework/src/Framework/Http/Response.php on line 126
[29-May-2020 08:23:11 UTC] PHP Fatal error:  Uncaught Error: Class 'App\Services\User' not found in /home2/initfram/public_html/test/vendor/ebukaodini/initframework/src/Framework/Http/Response.php:126
Stack trace:
#0 /home2/initfram/public_html/test/public/index.php(115): Framework\Http\Response->render('login.html')
#1 /home2/initfram/public_html/test/vendor/ebukaodini/initframework/src/Framework/Http/Http.php(96): App\{closure}(Object(Framework\Http\Request), Object(Framework\Http\Response))
#2 /home2/initfram/public_html/test/vendor/ebukaodini/initframework/src/Framework/Http/Http.php(28): Framework\Http\Http->handle_request('/login', Object(Closure))
#3 /home2/initfram/public_html/test/public/index.php(116): Framework\Http\Http->get('/login', Object(Closure))
#4 {main}
  thrown in /home2/initfram/public_html/test/vendor/ebukaodini/initframework/src/Framework/Http/Response.php on line 126
[29-May-2020 08:23:13 UTC] PHP Fatal error:  Uncaught Error: Class 'App\Services\User' not found in /home2/initfram/public_html/test/vendor/ebukaodini/initframework/src/Framework/Http/Response.php:126
Stack trace:
#0 /home2/initfram/public_html/test/vendor/ebukaodini/initframework/src/Framework/Http/Http.php(132): Framework\Http\Response->render('framework/404.h...')
#1 /home2/initfram/public_html/test/public/index.php(169): Framework\Http\Http->end()
#2 {main}
  thrown in /home2/initfram/public_html/test/vendor/ebukaodini/initframework/src/Framework/Http/Response.php on line 126
[30-May-2020 15:50:37 UTC] PHP Fatal error:  Uncaught Error: Class 'App\Services\User' not found in /home2/initfram/public_html/test/vendor/ebukaodini/initframework/src/Framework/Http/Response.php:126
Stack trace:
#0 /home2/initfram/public_html/test/public/index.php(115): Framework\Http\Response->render('login.html')
#1 /home2/initfram/public_html/test/vendor/ebukaodini/initframework/src/Framework/Http/Http.php(96): App\{closure}(Object(Framework\Http\Request), Object(Framework\Http\Response))
#2 /home2/initfram/public_html/test/vendor/ebukaodini/initframework/src/Framework/Http/Http.php(28): Framework\Http\Http->handle_request('/login', Object(Closure))
#3 /home2/initfram/public_html/test/public/index.php(116): Framework\Http\Http->get('/login', Object(Closure))
#4 {main}
  thrown in /home2/initfram/public_html/test/vendor/ebukaodini/initframework/src/Framework/Http/Response.php on line 126
[30-May-2020 16:07:27 UTC] PHP Fatal error:  Uncaught Error: Class 'App\Services\User' not found in /home2/initfram/public_html/test/vendor/ebukaodini/initframework/src/Framework/Http/Response.php:126
Stack trace:
#0 /home2/initfram/public_html/test/public/index.php(115): Framework\Http\Response->render('login.html')
#1 /home2/initfram/public_html/test/vendor/ebukaodini/initframework/src/Framework/Http/Http.php(96): {closure}(Object(Framework\Http\Request), Object(Framework\Http\Response))
#2 /home2/initfram/public_html/test/vendor/ebukaodini/initframework/src/Framework/Http/Http.php(28): Framework\Http\Http->handle_request('/login', Object(Closure))
#3 /home2/initfram/public_html/test/public/index.php(116): Framework\Http\Http->get('/login', Object(Closure))
#4 {main}
  thrown in /home2/initfram/public_html/test/vendor/ebukaodini/initframework/src/Framework/Http/Response.php on line 126
[30-May-2020 16:07:34 UTC] PHP Fatal error:  Uncaught Error: Class 'App\Services\User' not found in /home2/initfram/public_html/test/vendor/ebukaodini/initframework/src/Framework/Http/Response.php:126
Stack trace:
#0 /home2/initfram/public_html/test/public/index.php(115): Framework\Http\Response->render('login.html')
#1 /home2/initfram/public_html/test/vendor/ebukaodini/initframework/src/Framework/Http/Http.php(96): {closure}(Object(Framework\Http\Request), Object(Framework\Http\Response))
#2 /home2/initfram/public_html/test/vendor/ebukaodini/initframework/src/Framework/Http/Http.php(28): Framework\Http\Http->handle_request('/login', Object(Closure))
#3 /home2/initfram/public_html/test/public/index.php(116): Framework\Http\Http->get('/login', Object(Closure))
#4 {main}
  thrown in /home2/initfram/public_html/test/vendor/ebukaodini/initframework/src/Framework/Http/Response.php on line 126
[30-May-2020 16:35:47 UTC] PHP Fatal error:  Uncaught Error: Class 'App\Services\User' not found in /home2/initfram/public_html/test/vendor/ebukaodini/initframework/src/Framework/Http/Response.php:126
Stack trace:
#0 /home2/initfram/public_html/test/public/index.php(115): Framework\Http\Response->render('login.html')
#1 /home2/initfram/public_html/test/vendor/ebukaodini/initframework/src/Framework/Http/Http.php(96): {closure}(Object(Framework\Http\Request), Object(Framework\Http\Response))
#2 /home2/initfram/public_html/test/vendor/ebukaodini/initframework/src/Framework/Http/Http.php(28): Framework\Http\Http->handle_request('/login', Object(Closure))
#3 /home2/initfram/public_html/test/public/index.php(116): Framework\Http\Http->get('/login', Object(Closure))
#4 {main}
  thrown in /home2/initfram/public_html/test/vendor/ebukaodini/initframework/src/Framework/Http/Response.php on line 126
[30-May-2020 16:37:41 UTC] PHP Fatal error:  Uncaught Error: Class 'App\Services\User' not found in /home2/initfram/public_html/test/vendor/ebukaodini/initframework/src/Framework/Http/Response.php:126
Stack trace:
#0 /home2/initfram/public_html/test/public/index.php(115): Framework\Http\Response->render('login.html')
#1 /home2/initfram/public_html/test/vendor/ebukaodini/initframework/src/Framework/Http/Http.php(96): {closure}(Object(Framework\Http\Request), Object(Framework\Http\Response))
#2 /home2/initfram/public_html/test/vendor/ebukaodini/initframework/src/Framework/Http/Http.php(28): Framework\Http\Http->handle_request('/login', Object(Closure))
#3 /home2/initfram/public_html/test/public/index.php(116): Framework\Http\Http->get('/login', Object(Closure))
#4 {main}
  thrown in /home2/initfram/public_html/test/vendor/ebukaodini/initframework/src/Framework/Http/Response.php on line 126
[30-May-2020 16:37:42 UTC] PHP Fatal error:  Uncaught Error: Class 'App\Services\User' not found in /home2/initfram/public_html/test/vendor/ebukaodini/initframework/src/Framework/Http/Response.php:126
Stack trace:
#0 /home2/initfram/public_html/test/vendor/ebukaodini/initframework/src/Framework/Http/Http.php(132): Framework\Http\Response->render('framework/404.h...')
#1 /home2/initfram/public_html/test/public/index.php(169): Framework\Http\Http->end()
#2 {main}
  thrown in /home2/initfram/public_html/test/vendor/ebukaodini/initframework/src/Framework/Http/Response.php on line 126
[30-May-2020 16:55:43 UTC] PHP Fatal error:  Uncaught Error: Class 'App\Services\User' not found in /home2/initfram/public_html/test/vendor/ebukaodini/initframework/src/Framework/Http/Response.php:126
Stack trace:
#0 /home2/initfram/public_html/test/public/index.php(115): Framework\Http\Response->render('login.html')
#1 /home2/initfram/public_html/test/vendor/ebukaodini/initframework/src/Framework/Http/Http.php(96): {closure}(Object(Framework\Http\Request), Object(Framework\Http\Response))
#2 /home2/initfram/public_html/test/vendor/ebukaodini/initframework/src/Framework/Http/Http.php(28): Framework\Http\Http->handle_request('/login', Object(Closure))
#3 /home2/initfram/public_html/test/public/index.php(116): Framework\Http\Http->get('/login', Object(Closure))
#4 {main}
  thrown in /home2/initfram/public_html/test/vendor/ebukaodini/initframework/src/Framework/Http/Response.php on line 126
[30-May-2020 16:56:34 UTC] PHP Fatal error:  Uncaught Error: Class 'Framework\Http\Error' not found in /home2/initfram/public_html/test/vendor/ebukaodini/initframework/src/Framework/Http/Routing.php:58
Stack trace:
#0 /home2/initfram/public_html/test/vendor/ebukaodini/initframework/src/Framework/Http/Http.php(101): Framework\Http\Routing::route('HomeController@...', Object(Framework\Http\Request), Object(Framework\Http\Response))
#1 /home2/initfram/public_html/test/vendor/ebukaodini/initframework/src/Framework/Http/Http.php(28): Framework\Http\Http->handle_request('/', 'HomeController@...')
#2 /home2/initfram/public_html/test/public/index.php(30): Framework\Http\Http->get('/', 'HomeController@...')
#3 {main}
  thrown in /home2/initfram/public_html/test/vendor/ebukaodini/initframework/src/Framework/Http/Routing.php on line 58
[30-May-2020 16:57:32 UTC] PHP Fatal error:  Uncaught Error: Class 'Framework\Http\Error' not found in /home2/initfram/public_html/test/vendor/ebukaodini/initframework/src/Framework/Http/Routing.php:58
Stack trace:
#0 /home2/initfram/public_html/test/vendor/ebukaodini/initframework/src/Framework/Http/Http.php(101): Framework\Http\Routing::route('HomeController@...', Object(Framework\Http\Request), Object(Framework\Http\Response))
#1 /home2/initfram/public_html/test/vendor/ebukaodini/initframework/src/Framework/Http/Http.php(28): Framework\Http\Http->handle_request('/', 'HomeController@...')
#2 /home2/initfram/public_html/test/public/index.php(30): Framework\Http\Http->get('/', 'HomeController@...')
#3 {main}
  thrown in /home2/initfram/public_html/test/vendor/ebukaodini/initframework/src/Framework/Http/Routing.php on line 58
[30-May-2020 16:57:35 UTC] PHP Fatal error:  Uncaught Error: Class 'Framework\Http\Error' not found in /home2/initfram/public_html/test/vendor/ebukaodini/initframework/src/Framework/Http/Routing.php:58
Stack trace:
#0 /home2/initfram/public_html/test/vendor/ebukaodini/initframework/src/Framework/Http/Http.php(101): Framework\Http\Routing::route('HomeController@...', Object(Framework\Http\Request), Object(Framework\Http\Response))
#1 /home2/initfram/public_html/test/vendor/ebukaodini/initframework/src/Framework/Http/Http.php(28): Framework\Http\Http->handle_request('/', 'HomeController@...')
#2 /home2/initfram/public_html/test/public/index.php(30): Framework\Http\Http->get('/', 'HomeController@...')
#3 {main}
  thrown in /home2/initfram/public_html/test/vendor/ebukaodini/initframework/src/Framework/Http/Routing.php on line 58
[30-May-2020 16:58:06 UTC] PHP Fatal error:  Uncaught Error: Class 'App\Services\User' not found in /home2/initfram/public_html/test/vendor/ebukaodini/initframework/src/Framework/Http/Response.php:126
Stack trace:
#0 /home2/initfram/public_html/test/vendor/ebukaodini/initframework/src/Framework/Http/Http.php(132): Framework\Http\Response->render('framework/404.h...')
#1 /home2/initfram/public_html/test/public/index.php(171): Framework\Http\Http->end()
#2 {main}
  thrown in /home2/initfram/public_html/test/vendor/ebukaodini/initframework/src/Framework/Http/Response.php on line 126
[30-May-2020 17:04:41 UTC] PHP Fatal error:  Uncaught Error: Class 'App\Services\User' not found in /home2/initfram/public_html/test/vendor/ebukaodini/initframework/src/Framework/Http/Response.php:126
Stack trace:
#0 /home2/initfram/public_html/test/public/index.php(120): Framework\Http\Response->render('login.html')
#1 /home2/initfram/public_html/test/vendor/ebukaodini/initframework/src/Framework/Http/Http.php(96): {closure}(Object(Framework\Http\Request), Object(Framework\Http\Response))
#2 /home2/initfram/public_html/test/vendor/ebukaodini/initframework/src/Framework/Http/Http.php(28): Framework\Http\Http->handle_request('/login', Object(Closure))
#3 /home2/initfram/public_html/test/public/index.php(121): Framework\Http\Http->get('/login', Object(Closure))
#4 {main}
  thrown in /home2/initfram/public_html/test/vendor/ebukaodini/initframework/src/Framework/Http/Response.php on line 126
[30-May-2020 17:05:27 UTC] PHP Fatal error:  Uncaught Error: Class 'App\Services\User' not found in /home2/initfram/public_html/test/vendor/ebukaodini/initframework/src/Framework/Http/Response.php:126
Stack trace:
#0 /home2/initfram/public_html/test/public/index.php(127): Framework\Http\Response->render('login.html')
#1 /home2/initfram/public_html/test/vendor/ebukaodini/initframework/src/Framework/Http/Http.php(96): {closure}(Object(Framework\Http\Request), Object(Framework\Http\Response))
#2 /home2/initfram/public_html/test/vendor/ebukaodini/initframework/src/Framework/Http/Http.php(28): Framework\Http\Http->handle_request('/login', Object(Closure))
#3 /home2/initfram/public_html/test/public/index.php(128): Framework\Http\Http->get('/login', Object(Closure))
#4 {main}
  thrown in /home2/initfram/public_html/test/vendor/ebukaodini/initframework/src/Framework/Http/Response.php on line 126
[30-May-2020 17:05:31 UTC] PHP Fatal error:  Uncaught Error: Class 'App\Services\User' not found in /home2/initfram/public_html/test/vendor/ebukaodini/initframework/src/Framework/Http/Response.php:126
Stack trace:
#0 /home2/initfram/public_html/test/public/index.php(33): Framework\Http\Response->render('home.html', Array)
#1 /home2/initfram/public_html/test/vendor/ebukaodini/initframework/src/Framework/Http/Http.php(96): {closure}(Object(Framework\Http\Request), Object(Framework\Http\Response))
#2 /home2/initfram/public_html/test/vendor/ebukaodini/initframework/src/Framework/Http/Http.php(28): Framework\Http\Http->handle_request('/', Object(Closure))
#3 /home2/initfram/public_html/test/public/index.php(35): Framework\Http\Http->get('/', Object(Closure))
#4 {main}
  thrown in /home2/initfram/public_html/test/vendor/ebukaodini/initframework/src/Framework/Http/Response.php on line 126
[30-May-2020 17:07:27 UTC] PHP Fatal error:  Uncaught Error: Class 'App\Services\User' not found in /home2/initfram/public_html/test/vendor/ebukaodini/initframework/src/Framework/Http/Response.php:126
Stack trace:
#0 /home2/initfram/public_html/test/vendor/ebukaodini/initframework/src/Framework/Http/Http.php(132): Framework\Http\Response->render('framework/404.h...')
#1 /home2/initfram/public_html/test/public/index.php(177): Framework\Http\Http->end()
#2 {main}
  thrown in /home2/initfram/public_html/test/vendor/ebukaodini/initframework/src/Framework/Http/Response.php on line 126
[30-May-2020 17:07:27 UTC] PHP Fatal error:  Uncaught Error: Class 'App\Services\User' not found in /home2/initfram/public_html/test/vendor/ebukaodini/initframework/src/Framework/Http/Response.php:126
Stack trace:
#0 /home2/initfram/public_html/test/vendor/ebukaodini/initframework/src/Framework/Http/Http.php(132): Framework\Http\Response->render('framework/404.h...')
#1 /home2/initfram/public_html/test/public/index.php(177): Framework\Http\Http->end()
#2 {main}
  thrown in /home2/initfram/public_html/test/vendor/ebukaodini/initframework/src/Framework/Http/Response.php on line 126
[30-May-2020 17:07:27 UTC] PHP Fatal error:  Uncaught Error: Class 'App\Services\User' not found in /home2/initfram/public_html/test/vendor/ebukaodini/initframework/src/Framework/Http/Response.php:126
Stack trace:
#0 /home2/initfram/public_html/test/vendor/ebukaodini/initframework/src/Framework/Http/Http.php(132): Framework\Http\Response->render('framework/404.h...')
#1 /home2/initfram/public_html/test/public/index.php(177): Framework\Http\Http->end()
#2 {main}
  thrown in /home2/initfram/public_html/test/vendor/ebukaodini/initframework/src/Framework/Http/Response.php on line 126
[30-May-2020 17:07:27 UTC] PHP Fatal error:  Uncaught Error: Class 'App\Services\User' not found in /home2/initfram/public_html/test/vendor/ebukaodini/initframework/src/Framework/Http/Response.php:126
Stack trace:
#0 /home2/initfram/public_html/test/vendor/ebukaodini/initframework/src/Framework/Http/Http.php(132): Framework\Http\Response->render('framework/404.h...')
#1 /home2/initfram/public_html/test/public/index.php(177): Framework\Http\Http->end()
#2 {main}
  thrown in /home2/initfram/public_html/test/vendor/ebukaodini/initframework/src/Framework/Http/Response.php on line 126
[30-May-2020 17:07:27 UTC] PHP Fatal error:  Uncaught Error: Class 'App\Services\User' not found in /home2/initfram/public_html/test/vendor/ebukaodini/initframework/src/Framework/Http/Response.php:126
Stack trace:
#0 /home2/initfram/public_html/test/vendor/ebukaodini/initframework/src/Framework/Http/Http.php(132): Framework\Http\Response->render('framework/404.h...')
#1 /home2/initfram/public_html/test/public/index.php(177): Framework\Http\Http->end()
#2 {main}
  thrown in /home2/initfram/public_html/test/vendor/ebukaodini/initframework/src/Framework/Http/Response.php on line 126
[30-May-2020 17:07:27 UTC] PHP Fatal error:  Uncaught Error: Class 'App\Services\User' not found in /home2/initfram/public_html/test/vendor/ebukaodini/initframework/src/Framework/Http/Response.php:126
Stack trace:
#0 /home2/initfram/public_html/test/vendor/ebukaodini/initframework/src/Framework/Http/Http.php(132): Framework\Http\Response->render('framework/404.h...')
#1 /home2/initfram/public_html/test/public/index.php(177): Framework\Http\Http->end()
#2 {main}
  thrown in /home2/initfram/public_html/test/vendor/ebukaodini/initframework/src/Framework/Http/Response.php on line 126
[30-May-2020 17:07:28 UTC] PHP Fatal error:  Uncaught Error: Class 'App\Services\User' not found in /home2/initfram/public_html/test/vendor/ebukaodini/initframework/src/Framework/Http/Response.php:126
Stack trace:
#0 /home2/initfram/public_html/test/vendor/ebukaodini/initframework/src/Framework/Http/Http.php(132): Framework\Http\Response->render('framework/404.h...')
#1 /home2/initfram/public_html/test/public/index.php(177): Framework\Http\Http->end()
#2 {main}
  thrown in /home2/initfram/public_html/test/vendor/ebukaodini/initframework/src/Framework/Http/Response.php on line 126
[30-May-2020 17:07:28 UTC] PHP Fatal error:  Uncaught Error: Class 'App\Services\User' not found in /home2/initfram/public_html/test/vendor/ebukaodini/initframework/src/Framework/Http/Response.php:126
Stack trace:
#0 /home2/initfram/public_html/test/vendor/ebukaodini/initframework/src/Framework/Http/Http.php(132): Framework\Http\Response->render('framework/404.h...')
#1 /home2/initfram/public_html/test/public/index.php(177): Framework\Http\Http->end()
#2 {main}
  thrown in /home2/initfram/public_html/test/vendor/ebukaodini/initframework/src/Framework/Http/Response.php on line 126
[30-May-2020 17:07:28 UTC] PHP Fatal error:  Uncaught Error: Class 'App\Services\User' not found in /home2/initfram/public_html/test/vendor/ebukaodini/initframework/src/Framework/Http/Response.php:126
Stack trace:
#0 /home2/initfram/public_html/test/vendor/ebukaodini/initframework/src/Framework/Http/Http.php(132): Framework\Http\Response->render('framework/404.h...')
#1 /home2/initfram/public_html/test/public/index.php(177): Framework\Http\Http->end()
#2 {main}
  thrown in /home2/initfram/public_html/test/vendor/ebukaodini/initframework/src/Framework/Http/Response.php on line 126
[30-May-2020 17:07:28 UTC] PHP Fatal error:  Uncaught Error: Class 'App\Services\User' not found in /home2/initfram/public_html/test/vendor/ebukaodini/initframework/src/Framework/Http/Response.php:126
Stack trace:
#0 /home2/initfram/public_html/test/vendor/ebukaodini/initframework/src/Framework/Http/Http.php(132): Framework\Http\Response->render('framework/404.h...')
#1 /home2/initfram/public_html/test/public/index.php(177): Framework\Http\Http->end()
#2 {main}
  thrown in /home2/initfram/public_html/test/vendor/ebukaodini/initframework/src/Framework/Http/Response.php on line 126
[30-May-2020 17:07:28 UTC] PHP Fatal error:  Uncaught Error: Class 'App\Services\User' not found in /home2/initfram/public_html/test/vendor/ebukaodini/initframework/src/Framework/Http/Response.php:126
Stack trace:
#0 /home2/initfram/public_html/test/vendor/ebukaodini/initframework/src/Framework/Http/Http.php(132): Framework\Http\Response->render('framework/404.h...')
#1 /home2/initfram/public_html/test/public/index.php(177): Framework\Http\Http->end()
#2 {main}
  thrown in /home2/initfram/public_html/test/vendor/ebukaodini/initframework/src/Framework/Http/Response.php on line 126
[30-May-2020 17:07:29 UTC] PHP Fatal error:  Uncaught Error: Class 'App\Services\User' not found in /home2/initfram/public_html/test/vendor/ebukaodini/initframework/src/Framework/Http/Response.php:126
Stack trace:
#0 /home2/initfram/public_html/test/vendor/ebukaodini/initframework/src/Framework/Http/Http.php(132): Framework\Http\Response->render('framework/404.h...')
#1 /home2/initfram/public_html/test/public/index.php(177): Framework\Http\Http->end()
#2 {main}
  thrown in /home2/initfram/public_html/test/vendor/ebukaodini/initframework/src/Framework/Http/Response.php on line 126
[30-May-2020 17:07:30 UTC] PHP Fatal error:  Uncaught Error: Class 'App\Services\User' not found in /home2/initfram/public_html/test/vendor/ebukaodini/initframework/src/Framework/Http/Response.php:126
Stack trace:
#0 /home2/initfram/public_html/test/vendor/ebukaodini/initframework/src/Framework/Http/Http.php(132): Framework\Http\Response->render('framework/404.h...')
#1 /home2/initfram/public_html/test/public/index.php(177): Framework\Http\Http->end()
#2 {main}
  thrown in /home2/initfram/public_html/test/vendor/ebukaodini/initframework/src/Framework/Http/Response.php on line 126
[30-May-2020 17:08:23 UTC] PHP Fatal error:  Uncaught Error: Class 'App\Services\User' not found in /home2/initfram/public_html/test/vendor/ebukaodini/initframework/src/Framework/Http/Response.php:126
Stack trace:
#0 /home2/initfram/public_html/test/public/index.php(123): Framework\Http\Response->render('login.html')
#1 /home2/initfram/public_html/test/vendor/ebukaodini/initframework/src/Framework/Http/Http.php(96): {closure}(Object(Framework\Http\Request), Object(Framework\Http\Response))
#2 /home2/initfram/public_html/test/vendor/ebukaodini/initframework/src/Framework/Http/Http.php(28): Framework\Http\Http->handle_request('/login', Object(Closure))
#3 /home2/initfram/public_html/test/public/index.php(124): Framework\Http\Http->get('/login', Object(Closure))
#4 {main}
  thrown in /home2/initfram/public_html/test/vendor/ebukaodini/initframework/src/Framework/Http/Response.php on line 126
[30-May-2020 17:41:36 UTC] PHP Fatal error:  Uncaught Error: Class 'App\Services\Auth' not found in /home2/initfram/public_html/test/public/index.php:29
Stack trace:
#0 /home2/initfram/public_html/test/vendor/ebukaodini/initframework/src/Framework/Http/Http.php(96): {closure}(Object(Framework\Http\Request), Object(Framework\Http\Response))
#1 /home2/initfram/public_html/test/vendor/ebukaodini/initframework/src/Framework/Http/Http.php(28): Framework\Http\Http->handle_request('/login', Object(Closure))
#2 /home2/initfram/public_html/test/public/index.php(31): Framework\Http\Http->get('/login', Object(Closure))
#3 {main}
  thrown in /home2/initfram/public_html/test/public/index.php on line 29
[30-May-2020 17:42:19 UTC] PHP Fatal error:  Uncaught Error: Class 'App\Services\Auth' not found in /home2/initfram/public_html/test/public/index.php:29
Stack trace:
#0 /home2/initfram/public_html/test/vendor/ebukaodini/initframework/src/Framework/Http/Http.php(96): {closure}(Object(Framework\Http\Request), Object(Framework\Http\Response))
#1 /home2/initfram/public_html/test/vendor/ebukaodini/initframework/src/Framework/Http/Http.php(28): Framework\Http\Http->handle_request('/login', Object(Closure))
#2 /home2/initfram/public_html/test/public/index.php(31): Framework\Http\Http->get('/login', Object(Closure))
#3 {main}
  thrown in /home2/initfram/public_html/test/public/index.php on line 29
[30-May-2020 17:57:14 UTC] PHP Fatal error:  Uncaught Error: Class 'App\Services\User' not found in /home2/initfram/public_html/test/vendor/ebukaodini/initframework/src/Framework/Http/Response.php:126
Stack trace:
#0 /home2/initfram/public_html/test/vendor/ebukaodini/initframework/src/Framework/Http/Http.php(132): Framework\Http\Response->render('framework/404.h...')
#1 /home2/initfram/public_html/test/public/index.php(176): Framework\Http\Http->end()
#2 {main}
  thrown in /home2/initfram/public_html/test/vendor/ebukaodini/initframework/src/Framework/Http/Response.php on line 126
[30-May-2020 18:12:25 UTC] PHP Fatal error:  Uncaught Error: Class 'App\Services\Auth' not found in /home2/initfram/public_html/test/public/index.php:29
Stack trace:
#0 /home2/initfram/public_html/test/vendor/ebukaodini/initframework/src/Framework/Http/Http.php(96): {closure}(Object(Framework\Http\Request), Object(Framework\Http\Response))
#1 /home2/initfram/public_html/test/vendor/ebukaodini/initframework/src/Framework/Http/Http.php(28): Framework\Http\Http->handle_request('/login', Object(Closure))
#2 /home2/initfram/public_html/test/public/index.php(32): Framework\Http\Http->get('/login', Object(Closure))
#3 {main}
  thrown in /home2/initfram/public_html/test/public/index.php on line 29
[30-May-2020 18:12:30 UTC] PHP Fatal error:  Uncaught Error: Class 'App\Services\Auth' not found in /home2/initfram/public_html/test/public/index.php:29
Stack trace:
#0 /home2/initfram/public_html/test/vendor/ebukaodini/initframework/src/Framework/Http/Http.php(96): {closure}(Object(Framework\Http\Request), Object(Framework\Http\Response))
#1 /home2/initfram/public_html/test/vendor/ebukaodini/initframework/src/Framework/Http/Http.php(28): Framework\Http\Http->handle_request('/login', Object(Closure))
#2 /home2/initfram/public_html/test/public/index.php(32): Framework\Http\Http->get('/login', Object(Closure))
#3 {main}
  thrown in /home2/initfram/public_html/test/public/index.php on line 29
[30-May-2020 18:12:47 UTC] PHP Fatal error:  Uncaught Error: Class 'App\Services\Auth' not found in /home2/initfram/public_html/test/public/index.php:29
Stack trace:
#0 /home2/initfram/public_html/test/vendor/ebukaodini/initframework/src/Framework/Http/Http.php(96): {closure}(Object(Framework\Http\Request), Object(Framework\Http\Response))
#1 /home2/initfram/public_html/test/vendor/ebukaodini/initframework/src/Framework/Http/Http.php(28): Framework\Http\Http->handle_request('/login', Object(Closure))
#2 /home2/initfram/public_html/test/public/index.php(32): Framework\Http\Http->get('/login', Object(Closure))
#3 {main}
  thrown in /home2/initfram/public_html/test/public/index.php on line 29
[30-May-2020 18:22:31 UTC] PHP Fatal error:  Uncaught Error: Class 'App\Services\Auth' not found in /home2/initfram/public_html/test/public/index.php:29
Stack trace:
#0 /home2/initfram/public_html/test/vendor/ebukaodini/initframework/src/Framework/Http/Http.php(96): {closure}(Object(Framework\Http\Request), Object(Framework\Http\Response))
#1 /home2/initfram/public_html/test/vendor/ebukaodini/initframework/src/Framework/Http/Http.php(28): Framework\Http\Http->handle_request('/login', Object(Closure))
#2 /home2/initfram/public_html/test/public/index.php(32): Framework\Http\Http->get('/login', Object(Closure))
#3 {main}
  thrown in /home2/initfram/public_html/test/public/index.php on line 29
[30-May-2020 18:22:55 UTC] PHP Fatal error:  Uncaught Error: Class 'App\Services\User' not found in /home2/initfram/public_html/test/vendor/ebukaodini/initframework/src/Framework/Http/Response.php:126
Stack trace:
#0 /home2/initfram/public_html/test/public/index.php(31): Framework\Http\Response->render('login.html')
#1 /home2/initfram/public_html/test/vendor/ebukaodini/initframework/src/Framework/Http/Http.php(96): {closure}(Object(Framework\Http\Request), Object(Framework\Http\Response))
#2 /home2/initfram/public_html/test/vendor/ebukaodini/initframework/src/Framework/Http/Http.php(28): Framework\Http\Http->handle_request('/login', Object(Closure))
#3 /home2/initfram/public_html/test/public/index.php(32): Framework\Http\Http->get('/login', Object(Closure))
#4 {main}
  thrown in /home2/initfram/public_html/test/vendor/ebukaodini/initframework/src/Framework/Http/Response.php on line 126
[30-May-2020 18:25:45 UTC] PHP Fatal error:  Uncaught Error: Class 'App\User' not found in /home2/initfram/public_html/test/vendor/ebukaodini/initframework/src/Framework/Http/Response.php:126
Stack trace:
#0 /home2/initfram/public_html/test/public/index.php(31): Framework\Http\Response->render('login.html')
#1 /home2/initfram/public_html/test/vendor/ebukaodini/initframework/src/Framework/Http/Http.php(96): {closure}(Object(Framework\Http\Request), Object(Framework\Http\Response))
#2 /home2/initfram/public_html/test/vendor/ebukaodini/initframework/src/Framework/Http/Http.php(28): Framework\Http\Http->handle_request('/login', Object(Closure))
#3 /home2/initfram/public_html/test/public/index.php(32): Framework\Http\Http->get('/login', Object(Closure))
#4 {main}
  thrown in /home2/initfram/public_html/test/vendor/ebukaodini/initframework/src/Framework/Http/Response.php on line 126
[30-May-2020 18:25:48 UTC] PHP Fatal error:  Uncaught Error: Class 'App\User' not found in /home2/initfram/public_html/test/vendor/ebukaodini/initframework/src/Framework/Http/Response.php:126
Stack trace:
#0 /home2/initfram/public_html/test/public/index.php(31): Framework\Http\Response->render('login.html')
#1 /home2/initfram/public_html/test/vendor/ebukaodini/initframework/src/Framework/Http/Http.php(96): {closure}(Object(Framework\Http\Request), Object(Framework\Http\Response))
#2 /home2/initfram/public_html/test/vendor/ebukaodini/initframework/src/Framework/Http/Http.php(28): Framework\Http\Http->handle_request('/login', Object(Closure))
#3 /home2/initfram/public_html/test/public/index.php(32): Framework\Http\Http->get('/login', Object(Closure))
#4 {main}
  thrown in /home2/initfram/public_html/test/vendor/ebukaodini/initframework/src/Framework/Http/Response.php on line 126
[30-May-2020 18:28:10 UTC] PHP Fatal error:  Uncaught Error: Class 'Framework\Http\App\Services\User' not found in /home2/initfram/public_html/test/vendor/ebukaodini/initframework/src/Framework/Http/Response.php:126
Stack trace:
#0 /home2/initfram/public_html/test/public/index.php(31): Framework\Http\Response->render('login.html')
#1 /home2/initfram/public_html/test/vendor/ebukaodini/initframework/src/Framework/Http/Http.php(96): {closure}(Object(Framework\Http\Request), Object(Framework\Http\Response))
#2 /home2/initfram/public_html/test/vendor/ebukaodini/initframework/src/Framework/Http/Http.php(28): Framework\Http\Http->handle_request('/login', Object(Closure))
#3 /home2/initfram/public_html/test/public/index.php(32): Framework\Http\Http->get('/login', Object(Closure))
#4 {main}
  thrown in /home2/initfram/public_html/test/vendor/ebukaodini/initframework/src/Framework/Http/Response.php on line 126
[30-May-2020 18:28:11 UTC] PHP Fatal error:  Uncaught Error: Class 'Framework\Http\App\Services\User' not found in /home2/initfram/public_html/test/vendor/ebukaodini/initframework/src/Framework/Http/Response.php:126
Stack trace:
#0 /home2/initfram/public_html/test/public/index.php(31): Framework\Http\Response->render('login.html')
#1 /home2/initfram/public_html/test/vendor/ebukaodini/initframework/src/Framework/Http/Http.php(96): {closure}(Object(Framework\Http\Request), Object(Framework\Http\Response))
#2 /home2/initfram/public_html/test/vendor/ebukaodini/initframework/src/Framework/Http/Http.php(28): Framework\Http\Http->handle_request('/login', Object(Closure))
#3 /home2/initfram/public_html/test/public/index.php(32): Framework\Http\Http->get('/login', Object(Closure))
#4 {main}
  thrown in /home2/initfram/public_html/test/vendor/ebukaodini/initframework/src/Framework/Http/Response.php on line 126
[30-May-2020 19:21:24 UTC] PHP Fatal error:  Uncaught Error: Class 'Framework\Http\App\Services\User' not found in /home2/initfram/public_html/test/vendor/ebukaodini/initframework/src/Framework/Http/Response.php:126
Stack trace:
#0 /home2/initfram/public_html/test/public/index.php(31): Framework\Http\Response->render('login.html')
#1 /home2/initfram/public_html/test/vendor/ebukaodini/initframework/src/Framework/Http/Http.php(96): {closure}(Object(Framework\Http\Request), Object(Framework\Http\Response))
#2 /home2/initfram/public_html/test/vendor/ebukaodini/initframework/src/Framework/Http/Http.php(28): Framework\Http\Http->handle_request('/login', Object(Closure))
#3 /home2/initfram/public_html/test/public/index.php(32): Framework\Http\Http->get('/login', Object(Closure))
#4 {main}
  thrown in /home2/initfram/public_html/test/vendor/ebukaodini/initframework/src/Framework/Http/Response.php on line 126
[30-May-2020 22:48:38 UTC] PHP Fatal error:  Uncaught Error: Class 'Framework\Http\App\Services\User' not found in /home2/initfram/public_html/test/vendor/ebukaodini/initframework/src/Framework/Http/Response.php:126
Stack trace:
#0 /home2/initfram/public_html/test/vendor/ebukaodini/initframework/src/Framework/Http/Http.php(132): Framework\Http\Response->render('framework/404.h...')
#1 /home2/initfram/public_html/test/public/index.php(176): Framework\Http\Http->end()
#2 {main}
  thrown in /home2/initfram/public_html/test/vendor/ebukaodini/initframework/src/Framework/Http/Response.php on line 126
[12-Jun-2020 10:11:27 UTC] PHP Fatal error:  Uncaught Error: Class 'Framework\Http\App\Services\User' not found in /home2/initfram/public_html/test/vendor/ebukaodini/initframework/src/Framework/Http/Response.php:126
Stack trace:
#0 /home2/initfram/public_html/test/vendor/ebukaodini/initframework/src/Framework/Http/Http.php(132): Framework\Http\Response->render('framework/404.h...')
#1 /home2/initfram/public_html/test/public/index.php(176): Framework\Http\Http->end()
#2 {main}
  thrown in /home2/initfram/public_html/test/vendor/ebukaodini/initframework/src/Framework/Http/Response.php on line 126
[20-Jun-2020 23:15:17 UTC] PHP Fatal error:  Uncaught Error: Class 'Framework\Http\App\Services\User' not found in /home2/initfram/public_html/test/vendor/ebukaodini/initframework/src/Framework/Http/Response.php:126
Stack trace:
#0 /home2/initfram/public_html/test/public/index.php(31): Framework\Http\Response->render('login.html')
#1 /home2/initfram/public_html/test/vendor/ebukaodini/initframework/src/Framework/Http/Http.php(96): {closure}(Object(Framework\Http\Request), Object(Framework\Http\Response))
#2 /home2/initfram/public_html/test/vendor/ebukaodini/initframework/src/Framework/Http/Http.php(28): Framework\Http\Http->handle_request('/login', Object(Closure))
#3 /home2/initfram/public_html/test/public/index.php(32): Framework\Http\Http->get('/login', Object(Closure))
#4 {main}
  thrown in /home2/initfram/public_html/test/vendor/ebukaodini/initframework/src/Framework/Http/Response.php on line 126
[20-Jun-2020 23:15:42 UTC] PHP Fatal error:  Uncaught Error: Class 'Framework\Http\App\Services\User' not found in /home2/initfram/public_html/test/vendor/ebukaodini/initframework/src/Framework/Http/Response.php:126
Stack trace:
#0 /home2/initfram/public_html/test/public/index.php(31): Framework\Http\Response->render('login.html')
#1 /home2/initfram/public_html/test/vendor/ebukaodini/initframework/src/Framework/Http/Http.php(96): {closure}(Object(Framework\Http\Request), Object(Framework\Http\Response))
#2 /home2/initfram/public_html/test/vendor/ebukaodini/initframework/src/Framework/Http/Http.php(28): Framework\Http\Http->handle_request('/login', Object(Closure))
#3 /home2/initfram/public_html/test/public/index.php(32): Framework\Http\Http->get('/login', Object(Closure))
#4 {main}
  thrown in /home2/initfram/public_html/test/vendor/ebukaodini/initframework/src/Framework/Http/Response.php on line 126
[21-Jun-2020 00:15:24 UTC] PHP Fatal error:  Uncaught Error: Class 'Framework\Http\App\Services\User' not found in /home2/initfram/public_html/test/vendor/ebukaodini/initframework/src/Framework/Http/Response.php:126
Stack trace:
#0 /home2/initfram/public_html/test/public/index.php(31): Framework\Http\Response->render('login.html')
#1 /home2/initfram/public_html/test/vendor/ebukaodini/initframework/src/Framework/Http/Http.php(96): {closure}(Object(Framework\Http\Request), Object(Framework\Http\Response))
#2 /home2/initfram/public_html/test/vendor/ebukaodini/initframework/src/Framework/Http/Http.php(28): Framework\Http\Http->handle_request('/login', Object(Closure))
#3 /home2/initfram/public_html/test/public/index.php(32): Framework\Http\Http->get('/login', Object(Closure))
#4 {main}
  thrown in /home2/initfram/public_html/test/vendor/ebukaodini/initframework/src/Framework/Http/Response.php on line 126
[30-Jun-2020 14:25:23 UTC] PHP Fatal error:  Uncaught Error: Class 'Framework\Http\App\Services\User' not found in /home2/initfram/public_html/test/vendor/ebukaodini/initframework/src/Framework/Http/Response.php:126
Stack trace:
#0 /home2/initfram/public_html/test/vendor/ebukaodini/initframework/src/Framework/Http/Http.php(132): Framework\Http\Response->render('framework/404.h...')
#1 /home2/initfram/public_html/test/public/index.php(176): Framework\Http\Http->end()
#2 {main}
  thrown in /home2/initfram/public_html/test/vendor/ebukaodini/initframework/src/Framework/Http/Response.php on line 126
[01-Jul-2020 04:38:51 UTC] PHP Fatal error:  Uncaught Error: Class 'Framework\Http\App\Services\User' not found in /home2/initfram/public_html/test/vendor/ebukaodini/initframework/src/Framework/Http/Response.php:126
Stack trace:
#0 /home2/initfram/public_html/test/vendor/ebukaodini/initframework/src/Framework/Http/Http.php(132): Framework\Http\Response->render('framework/404.h...')
#1 /home2/initfram/public_html/test/public/index.php(176): Framework\Http\Http->end()
#2 {main}
  thrown in /home2/initfram/public_html/test/vendor/ebukaodini/initframework/src/Framework/Http/Response.php on line 126
[01-Jul-2020 04:39:10 UTC] PHP Fatal error:  Uncaught Error: Class 'Framework\Http\App\Services\User' not found in /home2/initfram/public_html/test/vendor/ebukaodini/initframework/src/Framework/Http/Response.php:126
Stack trace:
#0 /home2/initfram/public_html/test/vendor/ebukaodini/initframework/src/Framework/Http/Http.php(132): Framework\Http\Response->render('framework/404.h...')
#1 /home2/initfram/public_html/test/public/index.php(176): Framework\Http\Http->end()
#2 {main}
  thrown in /home2/initfram/public_html/test/vendor/ebukaodini/initframework/src/Framework/Http/Response.php on line 126
[01-Jul-2020 09:00:28 UTC] PHP Fatal error:  Uncaught Error: Class 'Framework\Http\App\Services\User' not found in /home2/initfram/public_html/test/vendor/ebukaodini/initframework/src/Framework/Http/Response.php:126
Stack trace:
#0 /home2/initfram/public_html/test/vendor/ebukaodini/initframework/src/Framework/Http/Http.php(132): Framework\Http\Response->render('framework/404.h...')
#1 /home2/initfram/public_html/test/public/index.php(176): Framework\Http\Http->end()
#2 {main}
  thrown in /home2/initfram/public_html/test/vendor/ebukaodini/initframework/src/Framework/Http/Response.php on line 126
[05-Jul-2020 08:00:09 UTC] PHP Fatal error:  Uncaught Error: Class 'Framework\Http\App\Services\User' not found in /home2/initfram/public_html/test/vendor/ebukaodini/initframework/src/Framework/Http/Response.php:126
Stack trace:
#0 /home2/initfram/public_html/test/public/index.php(31): Framework\Http\Response->render('login.html')
#1 /home2/initfram/public_html/test/vendor/ebukaodini/initframework/src/Framework/Http/Http.php(96): {closure}(Object(Framework\Http\Request), Object(Framework\Http\Response))
#2 /home2/initfram/public_html/test/vendor/ebukaodini/initframework/src/Framework/Http/Http.php(28): Framework\Http\Http->handle_request('/login', Object(Closure))
#3 /home2/initfram/public_html/test/public/index.php(32): Framework\Http\Http->get('/login', Object(Closure))
#4 {main}
  thrown in /home2/initfram/public_html/test/vendor/ebukaodini/initframework/src/Framework/Http/Response.php on line 126
[11-Jul-2020 19:26:42 UTC] PHP Fatal error:  Uncaught Error: Class 'Framework\Http\App\Services\User' not found in /home2/initfram/public_html/test/vendor/ebukaodini/initframework/src/Framework/Http/Response.php:126
Stack trace:
#0 /home2/initfram/public_html/test/vendor/ebukaodini/initframework/src/Framework/Http/Http.php(132): Framework\Http\Response->render('framework/404.h...')
#1 /home2/initfram/public_html/test/public/index.php(176): Framework\Http\Http->end()
#2 {main}
  thrown in /home2/initfram/public_html/test/vendor/ebukaodini/initframework/src/Framework/Http/Response.php on line 126
[12-Jul-2020 12:52:18 UTC] PHP Fatal error:  Uncaught Error: Class 'Framework\Http\App\Services\User' not found in /home2/initfram/public_html/test/vendor/ebukaodini/initframework/src/Framework/Http/Response.php:126
Stack trace:
#0 /home2/initfram/public_html/test/vendor/ebukaodini/initframework/src/Framework/Http/Http.php(132): Framework\Http\Response->render('framework/404.h...')
#1 /home2/initfram/public_html/test/public/index.php(176): Framework\Http\Http->end()
#2 {main}
  thrown in /home2/initfram/public_html/test/vendor/ebukaodini/initframework/src/Framework/Http/Response.php on line 126
[12-Jul-2020 14:50:32 UTC] PHP Fatal error:  Uncaught Error: Class 'Framework\Http\App\Services\User' not found in /home2/initfram/public_html/test/vendor/ebukaodini/initframework/src/Framework/Http/Response.php:126
Stack trace:
#0 /home2/initfram/public_html/test/vendor/ebukaodini/initframework/src/Framework/Http/Http.php(132): Framework\Http\Response->render('framework/404.h...')
#1 /home2/initfram/public_html/test/public/index.php(176): Framework\Http\Http->end()
#2 {main}
  thrown in /home2/initfram/public_html/test/vendor/ebukaodini/initframework/src/Framework/Http/Response.php on line 126
[12-Jul-2020 16:51:53 UTC] PHP Fatal error:  Uncaught Error: Class 'Framework\Http\App\Services\User' not found in /home2/initfram/public_html/test/vendor/ebukaodini/initframework/src/Framework/Http/Response.php:126
Stack trace:
#0 /home2/initfram/public_html/test/vendor/ebukaodini/initframework/src/Framework/Http/Http.php(132): Framework\Http\Response->render('framework/404.h...')
#1 /home2/initfram/public_html/test/public/index.php(176): Framework\Http\Http->end()
#2 {main}
  thrown in /home2/initfram/public_html/test/vendor/ebukaodini/initframework/src/Framework/Http/Response.php on line 126
[12-Jul-2020 18:52:09 UTC] PHP Fatal error:  Uncaught Error: Class 'Framework\Http\App\Services\User' not found in /home2/initfram/public_html/test/vendor/ebukaodini/initframework/src/Framework/Http/Response.php:126
Stack trace:
#0 /home2/initfram/public_html/test/vendor/ebukaodini/initframework/src/Framework/Http/Http.php(132): Framework\Http\Response->render('framework/404.h...')
#1 /home2/initfram/public_html/test/public/index.php(176): Framework\Http\Http->end()
#2 {main}
  thrown in /home2/initfram/public_html/test/vendor/ebukaodini/initframework/src/Framework/Http/Response.php on line 126
[12-Jul-2020 20:53:44 UTC] PHP Fatal error:  Uncaught Error: Class 'Framework\Http\App\Services\User' not found in /home2/initfram/public_html/test/vendor/ebukaodini/initframework/src/Framework/Http/Response.php:126
Stack trace:
#0 /home2/initfram/public_html/test/vendor/ebukaodini/initframework/src/Framework/Http/Http.php(132): Framework\Http\Response->render('framework/404.h...')
#1 /home2/initfram/public_html/test/public/index.php(176): Framework\Http\Http->end()
#2 {main}
  thrown in /home2/initfram/public_html/test/vendor/ebukaodini/initframework/src/Framework/Http/Response.php on line 126
[12-Jul-2020 22:54:23 UTC] PHP Fatal error:  Uncaught Error: Class 'Framework\Http\App\Services\User' not found in /home2/initfram/public_html/test/vendor/ebukaodini/initframework/src/Framework/Http/Response.php:126
Stack trace:
#0 /home2/initfram/public_html/test/vendor/ebukaodini/initframework/src/Framework/Http/Http.php(132): Framework\Http\Response->render('framework/404.h...')
#1 /home2/initfram/public_html/test/public/index.php(176): Framework\Http\Http->end()
#2 {main}
  thrown in /home2/initfram/public_html/test/vendor/ebukaodini/initframework/src/Framework/Http/Response.php on line 126
[13-Jul-2020 00:53:47 UTC] PHP Fatal error:  Uncaught Error: Class 'Framework\Http\App\Services\User' not found in /home2/initfram/public_html/test/vendor/ebukaodini/initframework/src/Framework/Http/Response.php:126
Stack trace:
#0 /home2/initfram/public_html/test/vendor/ebukaodini/initframework/src/Framework/Http/Http.php(132): Framework\Http\Response->render('framework/404.h...')
#1 /home2/initfram/public_html/test/public/index.php(176): Framework\Http\Http->end()
#2 {main}
  thrown in /home2/initfram/public_html/test/vendor/ebukaodini/initframework/src/Framework/Http/Response.php on line 126
[13-Jul-2020 02:54:24 UTC] PHP Fatal error:  Uncaught Error: Class 'Framework\Http\App\Services\User' not found in /home2/initfram/public_html/test/vendor/ebukaodini/initframework/src/Framework/Http/Response.php:126
Stack trace:
#0 /home2/initfram/public_html/test/vendor/ebukaodini/initframework/src/Framework/Http/Http.php(132): Framework\Http\Response->render('framework/404.h...')
#1 /home2/initfram/public_html/test/public/index.php(176): Framework\Http\Http->end()
#2 {main}
  thrown in /home2/initfram/public_html/test/vendor/ebukaodini/initframework/src/Framework/Http/Response.php on line 126
[13-Jul-2020 04:57:44 UTC] PHP Fatal error:  Uncaught Error: Class 'Framework\Http\App\Services\User' not found in /home2/initfram/public_html/test/vendor/ebukaodini/initframework/src/Framework/Http/Response.php:126
Stack trace:
#0 /home2/initfram/public_html/test/vendor/ebukaodini/initframework/src/Framework/Http/Http.php(132): Framework\Http\Response->render('framework/404.h...')
#1 /home2/initfram/public_html/test/public/index.php(176): Framework\Http\Http->end()
#2 {main}
  thrown in /home2/initfram/public_html/test/vendor/ebukaodini/initframework/src/Framework/Http/Response.php on line 126
[13-Jul-2020 06:56:46 UTC] PHP Fatal error:  Uncaught Error: Class 'Framework\Http\App\Services\User' not found in /home2/initfram/public_html/test/vendor/ebukaodini/initframework/src/Framework/Http/Response.php:126
Stack trace:
#0 /home2/initfram/public_html/test/vendor/ebukaodini/initframework/src/Framework/Http/Http.php(132): Framework\Http\Response->render('framework/404.h...')
#1 /home2/initfram/public_html/test/public/index.php(176): Framework\Http\Http->end()
#2 {main}
  thrown in /home2/initfram/public_html/test/vendor/ebukaodini/initframework/src/Framework/Http/Response.php on line 126
[13-Jul-2020 08:57:08 UTC] PHP Fatal error:  Uncaught Error: Class 'Framework\Http\App\Services\User' not found in /home2/initfram/public_html/test/vendor/ebukaodini/initframework/src/Framework/Http/Response.php:126
Stack trace:
#0 /home2/initfram/public_html/test/vendor/ebukaodini/initframework/src/Framework/Http/Http.php(132): Framework\Http\Response->render('framework/404.h...')
#1 /home2/initfram/public_html/test/public/index.php(176): Framework\Http\Http->end()
#2 {main}
  thrown in /home2/initfram/public_html/test/vendor/ebukaodini/initframework/src/Framework/Http/Response.php on line 126
[13-Jul-2020 10:57:54 UTC] PHP Fatal error:  Uncaught Error: Class 'Framework\Http\App\Services\User' not found in /home2/initfram/public_html/test/vendor/ebukaodini/initframework/src/Framework/Http/Response.php:126
Stack trace:
#0 /home2/initfram/public_html/test/vendor/ebukaodini/initframework/src/Framework/Http/Http.php(132): Framework\Http\Response->render('framework/404.h...')
#1 /home2/initfram/public_html/test/public/index.php(176): Framework\Http\Http->end()
#2 {main}
  thrown in /home2/initfram/public_html/test/vendor/ebukaodini/initframework/src/Framework/Http/Response.php on line 126
[13-Jul-2020 12:59:43 UTC] PHP Fatal error:  Uncaught Error: Class 'Framework\Http\App\Services\User' not found in /home2/initfram/public_html/test/vendor/ebukaodini/initframework/src/Framework/Http/Response.php:126
Stack trace:
#0 /home2/initfram/public_html/test/vendor/ebukaodini/initframework/src/Framework/Http/Http.php(132): Framework\Http\Response->render('framework/404.h...')
#1 /home2/initfram/public_html/test/public/index.php(176): Framework\Http\Http->end()
#2 {main}
  thrown in /home2/initfram/public_html/test/vendor/ebukaodini/initframework/src/Framework/Http/Response.php on line 126
[13-Jul-2020 14:59:39 UTC] PHP Fatal error:  Uncaught Error: Class 'Framework\Http\App\Services\User' not found in /home2/initfram/public_html/test/vendor/ebukaodini/initframework/src/Framework/Http/Response.php:126
Stack trace:
#0 /home2/initfram/public_html/test/vendor/ebukaodini/initframework/src/Framework/Http/Http.php(132): Framework\Http\Response->render('framework/404.h...')
#1 /home2/initfram/public_html/test/public/index.php(176): Framework\Http\Http->end()
#2 {main}
  thrown in /home2/initfram/public_html/test/vendor/ebukaodini/initframework/src/Framework/Http/Response.php on line 126
[13-Jul-2020 17:00:47 UTC] PHP Fatal error:  Uncaught Error: Class 'Framework\Http\App\Services\User' not found in /home2/initfram/public_html/test/vendor/ebukaodini/initframework/src/Framework/Http/Response.php:126
Stack trace:
#0 /home2/initfram/public_html/test/vendor/ebukaodini/initframework/src/Framework/Http/Http.php(132): Framework\Http\Response->render('framework/404.h...')
#1 /home2/initfram/public_html/test/public/index.php(176): Framework\Http\Http->end()
#2 {main}
  thrown in /home2/initfram/public_html/test/vendor/ebukaodini/initframework/src/Framework/Http/Response.php on line 126
[13-Jul-2020 19:00:32 UTC] PHP Fatal error:  Uncaught Error: Class 'Framework\Http\App\Services\User' not found in /home2/initfram/public_html/test/vendor/ebukaodini/initframework/src/Framework/Http/Response.php:126
Stack trace:
#0 /home2/initfram/public_html/test/vendor/ebukaodini/initframework/src/Framework/Http/Http.php(132): Framework\Http\Response->render('framework/404.h...')
#1 /home2/initfram/public_html/test/public/index.php(176): Framework\Http\Http->end()
#2 {main}
  thrown in /home2/initfram/public_html/test/vendor/ebukaodini/initframework/src/Framework/Http/Response.php on line 126
[13-Jul-2020 21:00:09 UTC] PHP Fatal error:  Uncaught Error: Class 'Framework\Http\App\Services\User' not found in /home2/initfram/public_html/test/vendor/ebukaodini/initframework/src/Framework/Http/Response.php:126
Stack trace:
#0 /home2/initfram/public_html/test/vendor/ebukaodini/initframework/src/Framework/Http/Http.php(132): Framework\Http\Response->render('framework/404.h...')
#1 /home2/initfram/public_html/test/public/index.php(176): Framework\Http\Http->end()
#2 {main}
  thrown in /home2/initfram/public_html/test/vendor/ebukaodini/initframework/src/Framework/Http/Response.php on line 126
[13-Jul-2020 23:00:27 UTC] PHP Fatal error:  Uncaught Error: Class 'Framework\Http\App\Services\User' not found in /home2/initfram/public_html/test/vendor/ebukaodini/initframework/src/Framework/Http/Response.php:126
Stack trace:
#0 /home2/initfram/public_html/test/vendor/ebukaodini/initframework/src/Framework/Http/Http.php(132): Framework\Http\Response->render('framework/404.h...')
#1 /home2/initfram/public_html/test/public/index.php(176): Framework\Http\Http->end()
#2 {main}
  thrown in /home2/initfram/public_html/test/vendor/ebukaodini/initframework/src/Framework/Http/Response.php on line 126
[14-Jul-2020 01:00:25 UTC] PHP Fatal error:  Uncaught Error: Class 'Framework\Http\App\Services\User' not found in /home2/initfram/public_html/test/vendor/ebukaodini/initframework/src/Framework/Http/Response.php:126
Stack trace:
#0 /home2/initfram/public_html/test/vendor/ebukaodini/initframework/src/Framework/Http/Http.php(132): Framework\Http\Response->render('framework/404.h...')
#1 /home2/initfram/public_html/test/public/index.php(176): Framework\Http\Http->end()
#2 {main}
  thrown in /home2/initfram/public_html/test/vendor/ebukaodini/initframework/src/Framework/Http/Response.php on line 126
[14-Jul-2020 03:00:56 UTC] PHP Fatal error:  Uncaught Error: Class 'Framework\Http\App\Services\User' not found in /home2/initfram/public_html/test/vendor/ebukaodini/initframework/src/Framework/Http/Response.php:126
Stack trace:
#0 /home2/initfram/public_html/test/vendor/ebukaodini/initframework/src/Framework/Http/Http.php(132): Framework\Http\Response->render('framework/404.h...')
#1 /home2/initfram/public_html/test/public/index.php(176): Framework\Http\Http->end()
#2 {main}
  thrown in /home2/initfram/public_html/test/vendor/ebukaodini/initframework/src/Framework/Http/Response.php on line 126
[14-Jul-2020 05:03:10 UTC] PHP Fatal error:  Uncaught Error: Class 'Framework\Http\App\Services\User' not found in /home2/initfram/public_html/test/vendor/ebukaodini/initframework/src/Framework/Http/Response.php:126
Stack trace:
#0 /home2/initfram/public_html/test/vendor/ebukaodini/initframework/src/Framework/Http/Http.php(132): Framework\Http\Response->render('framework/404.h...')
#1 /home2/initfram/public_html/test/public/index.php(176): Framework\Http\Http->end()
#2 {main}
  thrown in /home2/initfram/public_html/test/vendor/ebukaodini/initframework/src/Framework/Http/Response.php on line 126
[14-Jul-2020 07:02:25 UTC] PHP Fatal error:  Uncaught Error: Class 'Framework\Http\App\Services\User' not found in /home2/initfram/public_html/test/vendor/ebukaodini/initframework/src/Framework/Http/Response.php:126
Stack trace:
#0 /home2/initfram/public_html/test/vendor/ebukaodini/initframework/src/Framework/Http/Http.php(132): Framework\Http\Response->render('framework/404.h...')
#1 /home2/initfram/public_html/test/public/index.php(176): Framework\Http\Http->end()
#2 {main}
  thrown in /home2/initfram/public_html/test/vendor/ebukaodini/initframework/src/Framework/Http/Response.php on line 126
[14-Jul-2020 09:02:40 UTC] PHP Fatal error:  Uncaught Error: Class 'Framework\Http\App\Services\User' not found in /home2/initfram/public_html/test/vendor/ebukaodini/initframework/src/Framework/Http/Response.php:126
Stack trace:
#0 /home2/initfram/public_html/test/vendor/ebukaodini/initframework/src/Framework/Http/Http.php(132): Framework\Http\Response->render('framework/404.h...')
#1 /home2/initfram/public_html/test/public/index.php(176): Framework\Http\Http->end()
#2 {main}
  thrown in /home2/initfram/public_html/test/vendor/ebukaodini/initframework/src/Framework/Http/Response.php on line 126
[14-Jul-2020 14:59:39 UTC] PHP Fatal error:  Uncaught Error: Class 'Framework\Http\App\Services\User' not found in /home2/initfram/public_html/test/vendor/ebukaodini/initframework/src/Framework/Http/Response.php:126
Stack trace:
#0 /home2/initfram/public_html/test/vendor/ebukaodini/initframework/src/Framework/Http/Http.php(132): Framework\Http\Response->render('framework/404.h...')
#1 /home2/initfram/public_html/test/public/index.php(176): Framework\Http\Http->end()
#2 {main}
  thrown in /home2/initfram/public_html/test/vendor/ebukaodini/initframework/src/Framework/Http/Response.php on line 126
[16-Jul-2020 23:57:21 UTC] PHP Fatal error:  Uncaught Error: Class 'Framework\Http\App\Services\User' not found in /home2/initfram/public_html/test/vendor/ebukaodini/initframework/src/Framework/Http/Response.php:126
Stack trace:
#0 /home2/initfram/public_html/test/vendor/ebukaodini/initframework/src/Framework/Http/Http.php(132): Framework\Http\Response->render('framework/404.h...')
#1 /home2/initfram/public_html/test/public/index.php(176): Framework\Http\Http->end()
#2 {main}
  thrown in /home2/initfram/public_html/test/vendor/ebukaodini/initframework/src/Framework/Http/Response.php on line 126
[18-Jul-2020 16:12:38 UTC] PHP Fatal error:  Uncaught Error: Class 'Framework\Http\App\Services\User' not found in /home2/initfram/public_html/test/vendor/ebukaodini/initframework/src/Framework/Http/Response.php:126
Stack trace:
#0 /home2/initfram/public_html/test/public/index.php(31): Framework\Http\Response->render('login.html')
#1 /home2/initfram/public_html/test/vendor/ebukaodini/initframework/src/Framework/Http/Http.php(96): {closure}(Object(Framework\Http\Request), Object(Framework\Http\Response))
#2 /home2/initfram/public_html/test/vendor/ebukaodini/initframework/src/Framework/Http/Http.php(28): Framework\Http\Http->handle_request('/login', Object(Closure))
#3 /home2/initfram/public_html/test/public/index.php(32): Framework\Http\Http->get('/login', Object(Closure))
#4 {main}
  thrown in /home2/initfram/public_html/test/vendor/ebukaodini/initframework/src/Framework/Http/Response.php on line 126
[18-Jul-2020 16:12:45 UTC] PHP Fatal error:  Uncaught Error: Class 'Framework\Http\App\Services\User' not found in /home2/initfram/public_html/test/vendor/ebukaodini/initframework/src/Framework/Http/Response.php:126
Stack trace:
#0 /home2/initfram/public_html/test/public/index.php(31): Framework\Http\Response->render('login.html')
#1 /home2/initfram/public_html/test/vendor/ebukaodini/initframework/src/Framework/Http/Http.php(96): {closure}(Object(Framework\Http\Request), Object(Framework\Http\Response))
#2 /home2/initfram/public_html/test/vendor/ebukaodini/initframework/src/Framework/Http/Http.php(28): Framework\Http\Http->handle_request('/login', Object(Closure))
#3 /home2/initfram/public_html/test/public/index.php(32): Framework\Http\Http->get('/login', Object(Closure))
#4 {main}
  thrown in /home2/initfram/public_html/test/vendor/ebukaodini/initframework/src/Framework/Http/Response.php on line 126
[18-Jul-2020 17:43:48 Africa/Lagos] PHP Fatal error:  Uncaught TypeError: Argument 1 passed to Framework\Http\Response::send() must be of the type string, null given, called in /home2/initfram/public_html/test/public/index.php on line 83 and defined in /home2/initfram/public_html/test/vendor/ebukaodini/initframework/src/Framework/Http/Response.php:249
Stack trace:
#0 /home2/initfram/public_html/test/public/index.php(83): Framework\Http\Response->send(NULL, 200)
#1 /home2/initfram/public_html/test/vendor/ebukaodini/initframework/src/Framework/Http/Http.php(96): {closure}(Object(Framework\Http\Request), Object(Framework\Http\Response))
#2 /home2/initfram/public_html/test/vendor/ebukaodini/initframework/src/Framework/Http/Http.php(28): Framework\Http\Http->handle_request('/admin/login', Object(Closure))
#3 /home2/initfram/public_html/test/public/index.php(86): Framework\Http\Http->get('/admin/login', Object(Closure))
#4 {main}
  thrown in /home2/initfram/public_html/test/vendor/ebukaodini/initframework/src/Framework/Http/Response.php on line 249
[18-Jul-2020 17:44:06 Africa/Lagos] PHP Fatal error:  Uncaught TypeError: Argument 1 passed to Framework\Http\Response::send() must be of the type string, null given, called in /home2/initfram/public_html/test/public/index.php on line 83 and defined in /home2/initfram/public_html/test/vendor/ebukaodini/initframework/src/Framework/Http/Response.php:249
Stack trace:
#0 /home2/initfram/public_html/test/public/index.php(83): Framework\Http\Response->send(NULL, 200)
#1 /home2/initfram/public_html/test/vendor/ebukaodini/initframework/src/Framework/Http/Http.php(96): {closure}(Object(Framework\Http\Request), Object(Framework\Http\Response))
#2 /home2/initfram/public_html/test/vendor/ebukaodini/initframework/src/Framework/Http/Http.php(28): Framework\Http\Http->handle_request('/admin/login', Object(Closure))
#3 /home2/initfram/public_html/test/public/index.php(86): Framework\Http\Http->get('/admin/login', Object(Closure))
#4 {main}
  thrown in /home2/initfram/public_html/test/vendor/ebukaodini/initframework/src/Framework/Http/Response.php on line 249
[18-Jul-2020 17:49:13 Africa/Lagos] PHP Fatal error:  Uncaught TypeError: Argument 1 passed to Framework\Http\Response::send() must be of the type string, null given, called in /home2/initfram/public_html/test/public/index.php on line 83 and defined in /home2/initfram/public_html/test/vendor/ebukaodini/initframework/src/Framework/Http/Response.php:249
Stack trace:
#0 /home2/initfram/public_html/test/public/index.php(83): Framework\Http\Response->send(NULL, 200)
#1 /home2/initfram/public_html/test/vendor/ebukaodini/initframework/src/Framework/Http/Http.php(96): {closure}(Object(Framework\Http\Request), Object(Framework\Http\Response))
#2 /home2/initfram/public_html/test/vendor/ebukaodini/initframework/src/Framework/Http/Http.php(28): Framework\Http\Http->handle_request('/admin/login', Object(Closure))
#3 /home2/initfram/public_html/test/public/index.php(86): Framework\Http\Http->get('/admin/login', Object(Closure))
#4 {main}
  thrown in /home2/initfram/public_html/test/vendor/ebukaodini/initframework/src/Framework/Http/Response.php on line 249
[18-Jul-2020 17:49:19 Africa/Lagos] PHP Fatal error:  Uncaught TypeError: Argument 1 passed to Framework\Http\Response::send() must be of the type string, null given, called in /home2/initfram/public_html/test/public/index.php on line 83 and defined in /home2/initfram/public_html/test/vendor/ebukaodini/initframework/src/Framework/Http/Response.php:249
Stack trace:
#0 /home2/initfram/public_html/test/public/index.php(83): Framework\Http\Response->send(NULL, 200)
#1 /home2/initfram/public_html/test/vendor/ebukaodini/initframework/src/Framework/Http/Http.php(96): {closure}(Object(Framework\Http\Request), Object(Framework\Http\Response))
#2 /home2/initfram/public_html/test/vendor/ebukaodini/initframework/src/Framework/Http/Http.php(28): Framework\Http\Http->handle_request('/admin/login', Object(Closure))
#3 /home2/initfram/public_html/test/public/index.php(86): Framework\Http\Http->get('/admin/login', Object(Closure))
#4 {main}
  thrown in /home2/initfram/public_html/test/vendor/ebukaodini/initframework/src/Framework/Http/Response.php on line 249
[18-Jul-2020 17:54:38 Africa/Lagos] PHP Fatal error:  Uncaught TypeError: Argument 1 passed to Framework\Http\Response::send() must be of the type string, null given, called in /home2/initfram/public_html/test/public/index.php on line 83 and defined in /home2/initfram/public_html/test/vendor/ebukaodini/initframework/src/Framework/Http/Response.php:249
Stack trace:
#0 /home2/initfram/public_html/test/public/index.php(83): Framework\Http\Response->send(NULL, 200)
#1 /home2/initfram/public_html/test/vendor/ebukaodini/initframework/src/Framework/Http/Http.php(96): {closure}(Object(Framework\Http\Request), Object(Framework\Http\Response))
#2 /home2/initfram/public_html/test/vendor/ebukaodini/initframework/src/Framework/Http/Http.php(28): Framework\Http\Http->handle_request('/admin/login', Object(Closure))
#3 /home2/initfram/public_html/test/public/index.php(86): Framework\Http\Http->get('/admin/login', Object(Closure))
#4 {main}
  thrown in /home2/initfram/public_html/test/vendor/ebukaodini/initframework/src/Framework/Http/Response.php on line 249
[18-Jul-2020 18:04:46 Africa/Lagos] PHP Fatal error:  Uncaught TypeError: Argument 1 passed to Framework\Http\Response::send() must be of the type string, null given, called in /home2/initfram/public_html/test/public/index.php on line 83 and defined in /home2/initfram/public_html/test/vendor/ebukaodini/initframework/src/Framework/Http/Response.php:249
Stack trace:
#0 /home2/initfram/public_html/test/public/index.php(83): Framework\Http\Response->send(NULL, 200)
#1 /home2/initfram/public_html/test/vendor/ebukaodini/initframework/src/Framework/Http/Http.php(96): {closure}(Object(Framework\Http\Request), Object(Framework\Http\Response))
#2 /home2/initfram/public_html/test/vendor/ebukaodini/initframework/src/Framework/Http/Http.php(28): Framework\Http\Http->handle_request('/admin/login', Object(Closure))
#3 /home2/initfram/public_html/test/public/index.php(86): Framework\Http\Http->get('/admin/login', Object(Closure))
#4 {main}
  thrown in /home2/initfram/public_html/test/vendor/ebukaodini/initframework/src/Framework/Http/Response.php on line 249
[18-Jul-2020 18:04:49 Africa/Lagos] PHP Fatal error:  Uncaught TypeError: Argument 1 passed to Framework\Http\Response::send() must be of the type string, null given, called in /home2/initfram/public_html/test/public/index.php on line 83 and defined in /home2/initfram/public_html/test/vendor/ebukaodini/initframework/src/Framework/Http/Response.php:249
Stack trace:
#0 /home2/initfram/public_html/test/public/index.php(83): Framework\Http\Response->send(NULL, 200)
#1 /home2/initfram/public_html/test/vendor/ebukaodini/initframework/src/Framework/Http/Http.php(96): {closure}(Object(Framework\Http\Request), Object(Framework\Http\Response))
#2 /home2/initfram/public_html/test/vendor/ebukaodini/initframework/src/Framework/Http/Http.php(28): Framework\Http\Http->handle_request('/admin/login', Object(Closure))
#3 /home2/initfram/public_html/test/public/index.php(86): Framework\Http\Http->get('/admin/login', Object(Closure))
#4 {main}
  thrown in /home2/initfram/public_html/test/vendor/ebukaodini/initframework/src/Framework/Http/Response.php on line 249
---------------------------------------------------------------------------------------------------------------------------------------------
[18-Jul-2020 22:12:35 Africa/Lagos] PHP Fatal error:  Uncaught PDOException: SQLSTATE[23000]: Integrity constraint violation: 1062 Duplicate entry '0' for key 'PRIMARY' in /home2/initfram/public_html/test/vendor/ebukaodini/initframework/src/Framework/Database/Model.php:50
Stack trace:
#0 /home2/initfram/public_html/test/vendor/ebukaodini/initframework/src/Framework/Database/Model.php(50): PDOStatement->execute()
#1 /home2/initfram/public_html/test/models/PaymentModel.php(20): Framework\Database\Model->create(Array)
#2 /home2/initfram/public_html/test/controllers/SubscriptionController.php(122): Models\PaymentModel->addPayment('SGA.N1.14927190', 700000, 'Mobile App')
#3 /home2/initfram/public_html/test/vendor/ebukaodini/initframework/src/Framework/Http/Routing.php(53): Controllers\SubscriptionController->initiatePayment(Object(Framework\Http\Request), Object(Framework\Http\Response))
#4 /home2/initfram/public_html/test/vendor/ebukaodini/initframework/src/Framework/Http/Http.php(101): Framework\Http\Routing::route('SubscriptionCon...', Object(Framework\Http\Reques in /home2/initfram/public_html/test/vendor/ebukaodini/initframework/src/Framework/Database/Model.php on line 50
[18-Jul-2020 22:13:51 Africa/Lagos] PHP Fatal error:  Uncaught PDOException: SQLSTATE[23000]: Integrity constraint violation: 1062 Duplicate entry '0' for key 'PRIMARY' in /home2/initfram/public_html/test/vendor/ebukaodini/initframework/src/Framework/Database/Model.php:50
Stack trace:
#0 /home2/initfram/public_html/test/vendor/ebukaodini/initframework/src/Framework/Database/Model.php(50): PDOStatement->execute()
#1 /home2/initfram/public_html/test/models/PaymentModel.php(20): Framework\Database\Model->create(Array)
#2 /home2/initfram/public_html/test/controllers/SubscriptionController.php(122): Models\PaymentModel->addPayment('SGA.N1.35230257', 700000, 'Mobile App')
#3 /home2/initfram/public_html/test/vendor/ebukaodini/initframework/src/Framework/Http/Routing.php(53): Controllers\SubscriptionController->initiatePayment(Object(Framework\Http\Request), Object(Framework\Http\Response))
#4 /home2/initfram/public_html/test/vendor/ebukaodini/initframework/src/Framework/Http/Http.php(101): Framework\Http\Routing::route('SubscriptionCon...', Object(Framework\Http\Reques in /home2/initfram/public_html/test/vendor/ebukaodini/initframework/src/Framework/Database/Model.php on line 50
[18-Jul-2020 22:14:28 Africa/Lagos] PHP Fatal error:  Uncaught PDOException: SQLSTATE[23000]: Integrity constraint violation: 1062 Duplicate entry '0' for key 'PRIMARY' in /home2/initfram/public_html/test/vendor/ebukaodini/initframework/src/Framework/Database/Model.php:50
Stack trace:
#0 /home2/initfram/public_html/test/vendor/ebukaodini/initframework/src/Framework/Database/Model.php(50): PDOStatement->execute()
#1 /home2/initfram/public_html/test/models/PaymentModel.php(20): Framework\Database\Model->create(Array)
#2 /home2/initfram/public_html/test/controllers/SubscriptionController.php(122): Models\PaymentModel->addPayment('SGA.N1.24726264', 700000, 'Mobile App')
#3 /home2/initfram/public_html/test/vendor/ebukaodini/initframework/src/Framework/Http/Routing.php(53): Controllers\SubscriptionController->initiatePayment(Object(Framework\Http\Request), Object(Framework\Http\Response))
#4 /home2/initfram/public_html/test/vendor/ebukaodini/initframework/src/Framework/Http/Http.php(101): Framework\Http\Routing::route('SubscriptionCon...', Object(Framework\Http\Reques in /home2/initfram/public_html/test/vendor/ebukaodini/initframework/src/Framework/Database/Model.php on line 50
[18-Jul-2020 22:15:49 Africa/Lagos] PHP Fatal error:  Uncaught PDOException: SQLSTATE[23000]: Integrity constraint violation: 1062 Duplicate entry '0' for key 'PRIMARY' in /home2/initfram/public_html/test/vendor/ebukaodini/initframework/src/Framework/Database/Model.php:50
Stack trace:
#0 /home2/initfram/public_html/test/vendor/ebukaodini/initframework/src/Framework/Database/Model.php(50): PDOStatement->execute()
#1 /home2/initfram/public_html/test/models/PaymentModel.php(20): Framework\Database\Model->create(Array)
#2 /home2/initfram/public_html/test/controllers/SubscriptionController.php(122): Models\PaymentModel->addPayment('SGA.N1.67266806', 700000, 'Mobile App')
#3 /home2/initfram/public_html/test/vendor/ebukaodini/initframework/src/Framework/Http/Routing.php(53): Controllers\SubscriptionController->initiatePayment(Object(Framework\Http\Request), Object(Framework\Http\Response))
#4 /home2/initfram/public_html/test/vendor/ebukaodini/initframework/src/Framework/Http/Http.php(101): Framework\Http\Routing::route('SubscriptionCon...', Object(Framework\Http\Reques in /home2/initfram/public_html/test/vendor/ebukaodini/initframework/src/Framework/Database/Model.php on line 50
[18-Jul-2020 22:16:57 Africa/Lagos] PHP Fatal error:  Uncaught PDOException: SQLSTATE[23000]: Integrity constraint violation: 1062 Duplicate entry '0' for key 'PRIMARY' in /home2/initfram/public_html/test/vendor/ebukaodini/initframework/src/Framework/Database/Model.php:50
Stack trace:
#0 /home2/initfram/public_html/test/vendor/ebukaodini/initframework/src/Framework/Database/Model.php(50): PDOStatement->execute()
#1 /home2/initfram/public_html/test/models/PaymentModel.php(20): Framework\Database\Model->create(Array)
#2 /home2/initfram/public_html/test/controllers/SubscriptionController.php(122): Models\PaymentModel->addPayment('SGA.N3.90772323', 600000, 'Mobile App')
#3 /home2/initfram/public_html/test/vendor/ebukaodini/initframework/src/Framework/Http/Routing.php(53): Controllers\SubscriptionController->initiatePayment(Object(Framework\Http\Request), Object(Framework\Http\Response))
#4 /home2/initfram/public_html/test/vendor/ebukaodini/initframework/src/Framework/Http/Http.php(101): Framework\Http\Routing::route('SubscriptionCon...', Object(Framework\Http\Reques in /home2/initfram/public_html/test/vendor/ebukaodini/initframework/src/Framework/Database/Model.php on line 50
[18-Jul-2020 22:17:09 Africa/Lagos] PHP Fatal error:  Uncaught PDOException: SQLSTATE[23000]: Integrity constraint violation: 1062 Duplicate entry '0' for key 'PRIMARY' in /home2/initfram/public_html/test/vendor/ebukaodini/initframework/src/Framework/Database/Model.php:50
Stack trace:
#0 /home2/initfram/public_html/test/vendor/ebukaodini/initframework/src/Framework/Database/Model.php(50): PDOStatement->execute()
#1 /home2/initfram/public_html/test/models/PaymentModel.php(20): Framework\Database\Model->create(Array)
#2 /home2/initfram/public_html/test/controllers/SubscriptionController.php(122): Models\PaymentModel->addPayment('SGA.N3.79456741', 600000, 'Mobile App')
#3 /home2/initfram/public_html/test/vendor/ebukaodini/initframework/src/Framework/Http/Routing.php(53): Controllers\SubscriptionController->initiatePayment(Object(Framework\Http\Request), Object(Framework\Http\Response))
#4 /home2/initfram/public_html/test/vendor/ebukaodini/initframework/src/Framework/Http/Http.php(101): Framework\Http\Routing::route('SubscriptionCon...', Object(Framework\Http\Reques in /home2/initfram/public_html/test/vendor/ebukaodini/initframework/src/Framework/Database/Model.php on line 50
[18-Jul-2020 22:19:17 Africa/Lagos] PHP Fatal error:  Uncaught PDOException: SQLSTATE[23000]: Integrity constraint violation: 1062 Duplicate entry '0' for key 'PRIMARY' in /home2/initfram/public_html/test/vendor/ebukaodini/initframework/src/Framework/Database/Model.php:50
Stack trace:
#0 /home2/initfram/public_html/test/vendor/ebukaodini/initframework/src/Framework/Database/Model.php(50): PDOStatement->execute()
#1 /home2/initfram/public_html/test/models/PaymentModel.php(20): Framework\Database\Model->create(Array)
#2 /home2/initfram/public_html/test/controllers/SubscriptionController.php(121): Models\PaymentModel->addPayment('SGA.N3.51928488', 600000, 'Mobile App')
#3 /home2/initfram/public_html/test/vendor/ebukaodini/initframework/src/Framework/Http/Routing.php(53): Controllers\SubscriptionController->initiatePayment(Object(Framework\Http\Request), Object(Framework\Http\Response))
#4 /home2/initfram/public_html/test/vendor/ebukaodini/initframework/src/Framework/Http/Http.php(101): Framework\Http\Routing::route('SubscriptionCon...', Object(Framework\Http\Reques in /home2/initfram/public_html/test/vendor/ebukaodini/initframework/src/Framework/Database/Model.php on line 50
[18-Jul-2020 22:23:57 Africa/Lagos] PHP Fatal error:  Uncaught PDOException: SQLSTATE[23000]: Integrity constraint violation: 1062 Duplicate entry '0' for key 'PRIMARY' in /home2/initfram/public_html/test/vendor/ebukaodini/initframework/src/Framework/Database/Model.php:50
Stack trace:
#0 /home2/initfram/public_html/test/vendor/ebukaodini/initframework/src/Framework/Database/Model.php(50): PDOStatement->execute()
#1 /home2/initfram/public_html/test/models/PaymentModel.php(20): Framework\Database\Model->create(Array)
#2 /home2/initfram/public_html/test/controllers/SubscriptionController.php(122): Models\PaymentModel->addPayment('SGA.N3.34680917', 600000, 'Mobile App')
#3 /home2/initfram/public_html/test/vendor/ebukaodini/initframework/src/Framework/Http/Routing.php(53): Controllers\SubscriptionController->initiatePayment(Object(Framework\Http\Request), Object(Framework\Http\Response))
#4 /home2/initfram/public_html/test/vendor/ebukaodini/initframework/src/Framework/Http/Http.php(101): Framework\Http\Routing::route('SubscriptionCon...', Object(Framework\Http\Reques in /home2/initfram/public_html/test/vendor/ebukaodini/initframework/src/Framework/Database/Model.php on line 50
[18-Jul-2020 22:27:08 Africa/Lagos] PHP Fatal error:  Uncaught PDOException: SQLSTATE[23000]: Integrity constraint violation: 1062 Duplicate entry '0' for key 'PRIMARY' in /home2/initfram/public_html/test/vendor/ebukaodini/initframework/src/Framework/Database/Model.php:50
Stack trace:
#0 /home2/initfram/public_html/test/vendor/ebukaodini/initframework/src/Framework/Database/Model.php(50): PDOStatement->execute()
#1 /home2/initfram/public_html/test/models/PaymentModel.php(20): Framework\Database\Model->create(Array)
#2 /home2/initfram/public_html/test/controllers/SubscriptionController.php(122): Models\PaymentModel->addPayment('SGA.N3.58076829', 600000, 'Mobile App')
#3 /home2/initfram/public_html/test/vendor/ebukaodini/initframework/src/Framework/Http/Routing.php(53): Controllers\SubscriptionController->initiatePayment(Object(Framework\Http\Request), Object(Framework\Http\Response))
#4 /home2/initfram/public_html/test/vendor/ebukaodini/initframework/src/Framework/Http/Http.php(101): Framework\Http\Routing::route('SubscriptionCon...', Object(Framework\Http\Reques in /home2/initfram/public_html/test/vendor/ebukaodini/initframework/src/Framework/Database/Model.php on line 50
[18-Jul-2020 22:32:36 Africa/Lagos] PHP Fatal error:  Uncaught PDOException: SQLSTATE[23000]: Integrity constraint violation: 1062 Duplicate entry '0' for key 'PRIMARY' in /home2/initfram/public_html/test/vendor/ebukaodini/initframework/src/Framework/Database/Model.php:50
Stack trace:
#0 /home2/initfram/public_html/test/vendor/ebukaodini/initframework/src/Framework/Database/Model.php(50): PDOStatement->execute()
#1 /home2/initfram/public_html/test/models/PaymentModel.php(20): Framework\Database\Model->create(Array)
#2 /home2/initfram/public_html/test/controllers/SubscriptionController.php(122): Models\PaymentModel->addPayment('SGA.N1.15483452', 700000, 'Mobile App')
#3 /home2/initfram/public_html/test/vendor/ebukaodini/initframework/src/Framework/Http/Routing.php(53): Controllers\SubscriptionController->initiatePayment(Object(Framework\Http\Request), Object(Framework\Http\Response))
#4 /home2/initfram/public_html/test/vendor/ebukaodini/initframework/src/Framework/Http/Http.php(101): Framework\Http\Routing::route('SubscriptionCon...', Object(Framework\Http\Reques in /home2/initfram/public_html/test/vendor/ebukaodini/initframework/src/Framework/Database/Model.php on line 50
[18-Jul-2020 22:34:23 Africa/Lagos] PHP Fatal error:  Uncaught PDOException: SQLSTATE[23000]: Integrity constraint violation: 1062 Duplicate entry '0' for key 'PRIMARY' in /home2/initfram/public_html/test/vendor/ebukaodini/initframework/src/Framework/Database/Model.php:50
Stack trace:
#0 /home2/initfram/public_html/test/vendor/ebukaodini/initframework/src/Framework/Database/Model.php(50): PDOStatement->execute()
#1 /home2/initfram/public_html/test/models/PaymentModel.php(20): Framework\Database\Model->create(Array)
#2 /home2/initfram/public_html/test/controllers/SubscriptionController.php(122): Models\PaymentModel->addPayment('SGA.N3.43454401', 600000, 'Mobile App')
#3 /home2/initfram/public_html/test/vendor/ebukaodini/initframework/src/Framework/Http/Routing.php(53): Controllers\SubscriptionController->initiatePayment(Object(Framework\Http\Request), Object(Framework\Http\Response))
#4 /home2/initfram/public_html/test/vendor/ebukaodini/initframework/src/Framework/Http/Http.php(101): Framework\Http\Routing::route('SubscriptionCon...', Object(Framework\Http\Reques in /home2/initfram/public_html/test/vendor/ebukaodini/initframework/src/Framework/Database/Model.php on line 50
[18-Jul-2020 22:38:14 Africa/Lagos] PHP Fatal error:  Uncaught PDOException: SQLSTATE[23000]: Integrity constraint violation: 1062 Duplicate entry '0' for key 'PRIMARY' in /home2/initfram/public_html/test/vendor/ebukaodini/initframework/src/Framework/Database/Model.php:50
Stack trace:
#0 /home2/initfram/public_html/test/vendor/ebukaodini/initframework/src/Framework/Database/Model.php(50): PDOStatement->execute()
#1 /home2/initfram/public_html/test/models/PaymentModel.php(20): Framework\Database\Model->create(Array)
#2 /home2/initfram/public_html/test/controllers/SubscriptionController.php(122): Models\PaymentModel->addPayment('SGA.N3.48551095', 600000, 'Mobile App')
#3 /home2/initfram/public_html/test/vendor/ebukaodini/initframework/src/Framework/Http/Routing.php(53): Controllers\SubscriptionController->initiatePayment(Object(Framework\Http\Request), Object(Framework\Http\Response))
#4 /home2/initfram/public_html/test/vendor/ebukaodini/initframework/src/Framework/Http/Http.php(101): Framework\Http\Routing::route('SubscriptionCon...', Object(Framework\Http\Reques in /home2/initfram/public_html/test/vendor/ebukaodini/initframework/src/Framework/Database/Model.php on line 50
[18-Jul-2020 22:46:18 Africa/Lagos] PHP Fatal error:  Uncaught PDOException: SQLSTATE[23000]: Integrity constraint violation: 1062 Duplicate entry '0' for key 'PRIMARY' in /home2/initfram/public_html/test/vendor/ebukaodini/initframework/src/Framework/Database/Model.php:50
Stack trace:
#0 /home2/initfram/public_html/test/vendor/ebukaodini/initframework/src/Framework/Database/Model.php(50): PDOStatement->execute()
#1 /home2/initfram/public_html/test/models/PaymentModel.php(20): Framework\Database\Model->create(Array)
#2 /home2/initfram/public_html/test/controllers/SubscriptionController.php(122): Models\PaymentModel->addPayment('SGA.N3.80855383', 600000, 'Mobile App')
#3 /home2/initfram/public_html/test/vendor/ebukaodini/initframework/src/Framework/Http/Routing.php(53): Controllers\SubscriptionController->initiatePayment(Object(Framework\Http\Request), Object(Framework\Http\Response))
#4 /home2/initfram/public_html/test/vendor/ebukaodini/initframework/src/Framework/Http/Http.php(101): Framework\Http\Routing::route('SubscriptionCon...', Object(Framework\Http\Reques in /home2/initfram/public_html/test/vendor/ebukaodini/initframework/src/Framework/Database/Model.php on line 50
[18-Jul-2020 22:48:24 Africa/Lagos] PHP Fatal error:  Uncaught PDOException: SQLSTATE[23000]: Integrity constraint violation: 1062 Duplicate entry '0' for key 'PRIMARY' in /home2/initfram/public_html/test/vendor/ebukaodini/initframework/src/Framework/Database/Model.php:50
Stack trace:
#0 /home2/initfram/public_html/test/vendor/ebukaodini/initframework/src/Framework/Database/Model.php(50): PDOStatement->execute()
#1 /home2/initfram/public_html/test/models/PaymentModel.php(20): Framework\Database\Model->create(Array)
#2 /home2/initfram/public_html/test/controllers/SubscriptionController.php(122): Models\PaymentModel->addPayment('SGA.N3.24739050', 600000, 'Mobile App')
#3 /home2/initfram/public_html/test/vendor/ebukaodini/initframework/src/Framework/Http/Routing.php(53): Controllers\SubscriptionController->initiatePayment(Object(Framework\Http\Request), Object(Framework\Http\Response))
#4 /home2/initfram/public_html/test/vendor/ebukaodini/initframework/src/Framework/Http/Http.php(101): Framework\Http\Routing::route('SubscriptionCon...', Object(Framework\Http\Reques in /home2/initfram/public_html/test/vendor/ebukaodini/initframework/src/Framework/Database/Model.php on line 50
[18-Jul-2020 22:48:27 Africa/Lagos] PHP Fatal error:  Uncaught PDOException: SQLSTATE[23000]: Integrity constraint violation: 1062 Duplicate entry '0' for key 'PRIMARY' in /home2/initfram/public_html/test/vendor/ebukaodini/initframework/src/Framework/Database/Model.php:50
Stack trace:
#0 /home2/initfram/public_html/test/vendor/ebukaodini/initframework/src/Framework/Database/Model.php(50): PDOStatement->execute()
#1 /home2/initfram/public_html/test/models/PaymentModel.php(20): Framework\Database\Model->create(Array)
#2 /home2/initfram/public_html/test/controllers/SubscriptionController.php(122): Models\PaymentModel->addPayment('SGA.N3.17706510', 600000, 'Mobile App')
#3 /home2/initfram/public_html/test/vendor/ebukaodini/initframework/src/Framework/Http/Routing.php(53): Controllers\SubscriptionController->initiatePayment(Object(Framework\Http\Request), Object(Framework\Http\Response))
#4 /home2/initfram/public_html/test/vendor/ebukaodini/initframework/src/Framework/Http/Http.php(101): Framework\Http\Routing::route('SubscriptionCon...', Object(Framework\Http\Reques in /home2/initfram/public_html/test/vendor/ebukaodini/initframework/src/Framework/Database/Model.php on line 50
[18-Jul-2020 22:49:04 Africa/Lagos] PHP Fatal error:  Uncaught PDOException: SQLSTATE[23000]: Integrity constraint violation: 1062 Duplicate entry '0' for key 'PRIMARY' in /home2/initfram/public_html/test/vendor/ebukaodini/initframework/src/Framework/Database/Model.php:50
Stack trace:
#0 /home2/initfram/public_html/test/vendor/ebukaodini/initframework/src/Framework/Database/Model.php(50): PDOStatement->execute()
#1 /home2/initfram/public_html/test/models/PaymentModel.php(20): Framework\Database\Model->create(Array)
#2 /home2/initfram/public_html/test/controllers/SubscriptionController.php(122): Models\PaymentModel->addPayment('SGA.N3.84431683', 600000, 'Mobile App')
#3 /home2/initfram/public_html/test/vendor/ebukaodini/initframework/src/Framework/Http/Routing.php(53): Controllers\SubscriptionController->initiatePayment(Object(Framework\Http\Request), Object(Framework\Http\Response))
#4 /home2/initfram/public_html/test/vendor/ebukaodini/initframework/src/Framework/Http/Http.php(101): Framework\Http\Routing::route('SubscriptionCon...', Object(Framework\Http\Reques in /home2/initfram/public_html/test/vendor/ebukaodini/initframework/src/Framework/Database/Model.php on line 50
[19-Jul-2020 06:30:11 Africa/Lagos] PHP Fatal error:  Uncaught PDOException: SQLSTATE[23000]: Integrity constraint violation: 1062 Duplicate entry '0' for key 'PRIMARY' in /home2/initfram/public_html/test/vendor/ebukaodini/initframework/src/Framework/Database/Model.php:50
Stack trace:
#0 /home2/initfram/public_html/test/vendor/ebukaodini/initframework/src/Framework/Database/Model.php(50): PDOStatement->execute()
#1 /home2/initfram/public_html/test/models/PaymentModel.php(20): Framework\Database\Model->create(Array)
#2 /home2/initfram/public_html/test/controllers/SubscriptionController.php(122): Models\PaymentModel->addPayment('SGA.N3.12264252', 600000, 'Mobile App')
#3 /home2/initfram/public_html/test/vendor/ebukaodini/initframework/src/Framework/Http/Routing.php(53): Controllers\SubscriptionController->initiatePayment(Object(Framework\Http\Request), Object(Framework\Http\Response))
#4 /home2/initfram/public_html/test/vendor/ebukaodini/initframework/src/Framework/Http/Http.php(101): Framework\Http\Routing::route('SubscriptionCon...', Object(Framework\Http\Reques in /home2/initfram/public_html/test/vendor/ebukaodini/initframework/src/Framework/Database/Model.php on line 50
[19-Jul-2020 06:32:15 Africa/Lagos] PHP Fatal error:  Uncaught PDOException: SQLSTATE[23000]: Integrity constraint violation: 1062 Duplicate entry '0' for key 'PRIMARY' in /home2/initfram/public_html/test/vendor/ebukaodini/initframework/src/Framework/Database/Model.php:50
Stack trace:
#0 /home2/initfram/public_html/test/vendor/ebukaodini/initframework/src/Framework/Database/Model.php(50): PDOStatement->execute()
#1 /home2/initfram/public_html/test/models/PaymentModel.php(20): Framework\Database\Model->create(Array)
#2 /home2/initfram/public_html/test/controllers/SubscriptionController.php(122): Models\PaymentModel->addPayment('SGA.N3.69943244', 600000, 'Mobile App')
#3 /home2/initfram/public_html/test/vendor/ebukaodini/initframework/src/Framework/Http/Routing.php(53): Controllers\SubscriptionController->initiatePayment(Object(Framework\Http\Request), Object(Framework\Http\Response))
#4 /home2/initfram/public_html/test/vendor/ebukaodini/initframework/src/Framework/Http/Http.php(101): Framework\Http\Routing::route('SubscriptionCon...', Object(Framework\Http\Reques in /home2/initfram/public_html/test/vendor/ebukaodini/initframework/src/Framework/Database/Model.php on line 50
[19-Jul-2020 06:34:56 Africa/Lagos] PHP Fatal error:  Uncaught PDOException: SQLSTATE[23000]: Integrity constraint violation: 1062 Duplicate entry '0' for key 'PRIMARY' in /home2/initfram/public_html/test/vendor/ebukaodini/initframework/src/Framework/Database/Model.php:50
Stack trace:
#0 /home2/initfram/public_html/test/vendor/ebukaodini/initframework/src/Framework/Database/Model.php(50): PDOStatement->execute()
#1 /home2/initfram/public_html/test/models/PaymentModel.php(20): Framework\Database\Model->create(Array)
#2 /home2/initfram/public_html/test/controllers/SubscriptionController.php(122): Models\PaymentModel->addPayment('SGA.N3.92459056', 600000, 'Mobile App')
#3 /home2/initfram/public_html/test/vendor/ebukaodini/initframework/src/Framework/Http/Routing.php(53): Controllers\SubscriptionController->initiatePayment(Object(Framework\Http\Request), Object(Framework\Http\Response))
#4 /home2/initfram/public_html/test/vendor/ebukaodini/initframework/src/Framework/Http/Http.php(101): Framework\Http\Routing::route('SubscriptionCon...', Object(Framework\Http\Reques in /home2/initfram/public_html/test/vendor/ebukaodini/initframework/src/Framework/Database/Model.php on line 50
[19-Jul-2020 06:45:54 Africa/Lagos] PHP Fatal error:  Uncaught PDOException: SQLSTATE[23000]: Integrity constraint violation: 1062 Duplicate entry '0' for key 'PRIMARY' in /home2/initfram/public_html/test/vendor/ebukaodini/initframework/src/Framework/Database/Model.php:50
Stack trace:
#0 /home2/initfram/public_html/test/vendor/ebukaodini/initframework/src/Framework/Database/Model.php(50): PDOStatement->execute()
#1 /home2/initfram/public_html/test/models/PaymentModel.php(20): Framework\Database\Model->create(Array)
#2 /home2/initfram/public_html/test/controllers/SubscriptionController.php(122): Models\PaymentModel->addPayment('SGA.N3.24214332', 600000, 'Mobile App')
#3 /home2/initfram/public_html/test/vendor/ebukaodini/initframework/src/Framework/Http/Routing.php(53): Controllers\SubscriptionController->initiatePayment(Object(Framework\Http\Request), Object(Framework\Http\Response))
#4 /home2/initfram/public_html/test/vendor/ebukaodini/initframework/src/Framework/Http/Http.php(101): Framework\Http\Routing::route('SubscriptionCon...', Object(Framework\Http\Reques in /home2/initfram/public_html/test/vendor/ebukaodini/initframework/src/Framework/Database/Model.php on line 50
[19-Jul-2020 06:49:52 Africa/Lagos] PHP Fatal error:  Uncaught PDOException: SQLSTATE[23000]: Integrity constraint violation: 1062 Duplicate entry '0' for key 'PRIMARY' in /home2/initfram/public_html/test/vendor/ebukaodini/initframework/src/Framework/Database/Model.php:50
Stack trace:
#0 /home2/initfram/public_html/test/vendor/ebukaodini/initframework/src/Framework/Database/Model.php(50): PDOStatement->execute()
#1 /home2/initfram/public_html/test/models/PaymentModel.php(20): Framework\Database\Model->create(Array)
#2 /home2/initfram/public_html/test/controllers/SubscriptionController.php(122): Models\PaymentModel->addPayment('SGA.N1.27467995', 700000, 'Mobile App')
#3 /home2/initfram/public_html/test/vendor/ebukaodini/initframework/src/Framework/Http/Routing.php(53): Controllers\SubscriptionController->initiatePayment(Object(Framework\Http\Request), Object(Framework\Http\Response))
#4 /home2/initfram/public_html/test/vendor/ebukaodini/initframework/src/Framework/Http/Http.php(101): Framework\Http\Routing::route('SubscriptionCon...', Object(Framework\Http\Reques in /home2/initfram/public_html/test/vendor/ebukaodini/initframework/src/Framework/Database/Model.php on line 50
[19-Jul-2020 06:57:40 Africa/Lagos] PHP Fatal error:  Uncaught PDOException: SQLSTATE[23000]: Integrity constraint violation: 1062 Duplicate entry '0' for key 'PRIMARY' in /home2/initfram/public_html/test/vendor/ebukaodini/initframework/src/Framework/Database/Model.php:50
Stack trace:
#0 /home2/initfram/public_html/test/vendor/ebukaodini/initframework/src/Framework/Database/Model.php(50): PDOStatement->execute()
#1 /home2/initfram/public_html/test/models/PaymentModel.php(20): Framework\Database\Model->create(Array)
#2 /home2/initfram/public_html/test/controllers/SubscriptionController.php(122): Models\PaymentModel->addPayment('SGA.N3.45443910', 600000, 'Mobile App')
#3 /home2/initfram/public_html/test/vendor/ebukaodini/initframework/src/Framework/Http/Routing.php(53): Controllers\SubscriptionController->initiatePayment(Object(Framework\Http\Request), Object(Framework\Http\Response))
#4 /home2/initfram/public_html/test/vendor/ebukaodini/initframework/src/Framework/Http/Http.php(101): Framework\Http\Routing::route('SubscriptionCon...', Object(Framework\Http\Reques in /home2/initfram/public_html/test/vendor/ebukaodini/initframework/src/Framework/Database/Model.php on line 50
[02-Aug-2020 21:37:04 Africa/Lagos] PHP Notice:  Undefined variable: remember in /home2/initfram/public_html/test/controllers/AuthController.php on line 333
[02-Aug-2020 21:37:04 Africa/Lagos] PHP Notice:  Undefined offset: 0 in /home2/initfram/public_html/test/controllers/AuthController.php on line 344
[02-Aug-2020 21:37:04 Africa/Lagos] PHP Notice:  Undefined offset: 0 in /home2/initfram/public_html/test/controllers/AuthController.php on line 344
[02-Aug-2020 21:38:47 Africa/Lagos] PHP Notice:  Undefined variable: remember in /home2/initfram/public_html/test/controllers/AuthController.php on line 333
[02-Aug-2020 21:38:47 Africa/Lagos] PHP Notice:  Undefined offset: 0 in /home2/initfram/public_html/test/controllers/AuthController.php on line 344
[02-Aug-2020 21:38:47 Africa/Lagos] PHP Notice:  Undefined offset: 0 in /home2/initfram/public_html/test/controllers/AuthController.php on line 344
[11-Aug-2020 20:15:30 Africa/Lagos] PHP Notice:  Undefined variable: remember in /home2/initfram/public_html/test/controllers/AuthController.php on line 333
[11-Aug-2020 20:15:30 Africa/Lagos] PHP Notice:  Undefined offset: 0 in /home2/initfram/public_html/test/controllers/AuthController.php on line 344
[11-Aug-2020 20:15:30 Africa/Lagos] PHP Notice:  Undefined offset: 0 in /home2/initfram/public_html/test/controllers/AuthController.php on line 344
[11-Aug-2020 20:24:45 Africa/Lagos] PHP Notice:  Undefined variable: remember in /home2/initfram/public_html/test/controllers/AuthController.php on line 333
[11-Aug-2020 20:24:45 Africa/Lagos] PHP Notice:  Undefined offset: 0 in /home2/initfram/public_html/test/controllers/AuthController.php on line 344
[11-Aug-2020 20:24:45 Africa/Lagos] PHP Notice:  Undefined offset: 0 in /home2/initfram/public_html/test/controllers/AuthController.php on line 344
[11-Aug-2020 20:24:46 Africa/Lagos] PHP Notice:  Undefined variable: remember in /home2/initfram/public_html/test/controllers/AuthController.php on line 333
[11-Aug-2020 20:24:46 Africa/Lagos] PHP Notice:  Undefined offset: 0 in /home2/initfram/public_html/test/controllers/AuthController.php on line 344
[11-Aug-2020 20:24:46 Africa/Lagos] PHP Notice:  Undefined offset: 0 in /home2/initfram/public_html/test/controllers/AuthController.php on line 344
[11-Aug-2020 20:34:12 Africa/Lagos] PHP Notice:  Undefined variable: remember in /home2/initfram/public_html/test/controllers/AuthController.php on line 333
[11-Aug-2020 20:34:12 Africa/Lagos] PHP Notice:  Undefined offset: 0 in /home2/initfram/public_html/test/controllers/AuthController.php on line 344
[11-Aug-2020 20:34:12 Africa/Lagos] PHP Notice:  Undefined offset: 0 in /home2/initfram/public_html/test/controllers/AuthController.php on line 344
[11-Aug-2020 20:39:50 Africa/Lagos] PHP Notice:  Undefined variable: remember in /home2/initfram/public_html/test/controllers/AuthController.php on line 333
[11-Aug-2020 20:39:50 Africa/Lagos] PHP Notice:  Undefined offset: 0 in /home2/initfram/public_html/test/controllers/AuthController.php on line 344
[11-Aug-2020 20:39:50 Africa/Lagos] PHP Notice:  Undefined offset: 0 in /home2/initfram/public_html/test/controllers/AuthController.php on line 344
[11-Aug-2020 20:44:14 Africa/Lagos] PHP Notice:  Undefined variable: remember in /home2/initfram/public_html/test/controllers/AuthController.php on line 333
[11-Aug-2020 20:44:14 Africa/Lagos] PHP Notice:  Undefined offset: 0 in /home2/initfram/public_html/test/controllers/AuthController.php on line 344
[11-Aug-2020 20:44:14 Africa/Lagos] PHP Notice:  Undefined offset: 0 in /home2/initfram/public_html/test/controllers/AuthController.php on line 344
[11-Aug-2020 20:55:50 Africa/Lagos] PHP Notice:  Undefined variable: remember in /home2/initfram/public_html/test/controllers/AuthController.php on line 333
[11-Aug-2020 20:55:50 Africa/Lagos] PHP Notice:  Undefined offset: 0 in /home2/initfram/public_html/test/controllers/AuthController.php on line 344
[11-Aug-2020 20:55:50 Africa/Lagos] PHP Notice:  Undefined offset: 0 in /home2/initfram/public_html/test/controllers/AuthController.php on line 344
[11-Aug-2020 20:57:07 Africa/Lagos] PHP Notice:  Undefined variable: remember in /home2/initfram/public_html/test/controllers/AuthController.php on line 333
[11-Aug-2020 20:57:07 Africa/Lagos] PHP Notice:  Undefined offset: 0 in /home2/initfram/public_html/test/controllers/AuthController.php on line 344
[11-Aug-2020 20:57:07 Africa/Lagos] PHP Notice:  Undefined offset: 0 in /home2/initfram/public_html/test/controllers/AuthController.php on line 344
[11-Aug-2020 21:00:34 Africa/Lagos] PHP Notice:  Undefined variable: remember in /home2/initfram/public_html/test/controllers/AuthController.php on line 333
[11-Aug-2020 21:00:34 Africa/Lagos] PHP Notice:  Undefined offset: 0 in /home2/initfram/public_html/test/controllers/AuthController.php on line 344
[11-Aug-2020 21:00:34 Africa/Lagos] PHP Notice:  Undefined offset: 0 in /home2/initfram/public_html/test/controllers/AuthController.php on line 344
[11-Aug-2020 21:00:34 Africa/Lagos] PHP Notice:  Undefined variable: remember in /home2/initfram/public_html/test/controllers/AuthController.php on line 333
[11-Aug-2020 21:00:34 Africa/Lagos] PHP Notice:  Undefined offset: 0 in /home2/initfram/public_html/test/controllers/AuthController.php on line 344
[11-Aug-2020 21:00:34 Africa/Lagos] PHP Notice:  Undefined offset: 0 in /home2/initfram/public_html/test/controllers/AuthController.php on line 344
[11-Aug-2020 21:06:53 Africa/Lagos] PHP Notice:  Undefined variable: remember in /home2/initfram/public_html/test/controllers/AuthController.php on line 333
[11-Aug-2020 21:06:53 Africa/Lagos] PHP Notice:  Undefined offset: 0 in /home2/initfram/public_html/test/controllers/AuthController.php on line 344
[11-Aug-2020 21:06:53 Africa/Lagos] PHP Notice:  Undefined offset: 0 in /home2/initfram/public_html/test/controllers/AuthController.php on line 344
[11-Aug-2020 21:11:19 Africa/Lagos] PHP Notice:  Undefined variable: remember in /home2/initfram/public_html/test/controllers/AuthController.php on line 333
[11-Aug-2020 21:11:19 Africa/Lagos] PHP Notice:  Undefined offset: 0 in /home2/initfram/public_html/test/controllers/AuthController.php on line 344
[11-Aug-2020 21:11:19 Africa/Lagos] PHP Notice:  Undefined offset: 0 in /home2/initfram/public_html/test/controllers/AuthController.php on line 344
[11-Aug-2020 21:12:57 Africa/Lagos] PHP Notice:  Undefined variable: remember in /home2/initfram/public_html/test/controllers/AuthController.php on line 333
[11-Aug-2020 21:12:57 Africa/Lagos] PHP Notice:  Undefined offset: 0 in /home2/initfram/public_html/test/controllers/AuthController.php on line 344
[11-Aug-2020 21:12:57 Africa/Lagos] PHP Notice:  Undefined offset: 0 in /home2/initfram/public_html/test/controllers/AuthController.php on line 344
[11-Aug-2020 21:26:04 Africa/Lagos] PHP Notice:  Undefined variable: remember in /home2/initfram/public_html/test/controllers/AuthController.php on line 333
[11-Aug-2020 21:26:04 Africa/Lagos] PHP Notice:  Undefined offset: 0 in /home2/initfram/public_html/test/controllers/AuthController.php on line 344
[11-Aug-2020 21:26:04 Africa/Lagos] PHP Notice:  Undefined offset: 0 in /home2/initfram/public_html/test/controllers/AuthController.php on line 344
[11-Aug-2020 21:42:02 Africa/Lagos] PHP Notice:  Undefined variable: remember in /home2/initfram/public_html/test/controllers/AuthController.php on line 333
[11-Aug-2020 21:42:02 Africa/Lagos] PHP Notice:  Undefined offset: 0 in /home2/initfram/public_html/test/controllers/AuthController.php on line 344
[11-Aug-2020 21:42:02 Africa/Lagos] PHP Notice:  Undefined offset: 0 in /home2/initfram/public_html/test/controllers/AuthController.php on line 344
[11-Aug-2020 21:46:12 Africa/Lagos] PHP Notice:  Undefined variable: remember in /home2/initfram/public_html/test/controllers/AuthController.php on line 333
[11-Aug-2020 21:46:12 Africa/Lagos] PHP Notice:  Undefined offset: 0 in /home2/initfram/public_html/test/controllers/AuthController.php on line 344
[11-Aug-2020 21:46:12 Africa/Lagos] PHP Notice:  Undefined offset: 0 in /home2/initfram/public_html/test/controllers/AuthController.php on line 344
[11-Aug-2020 21:48:53 Africa/Lagos] PHP Notice:  Undefined variable: remember in /home2/initfram/public_html/test/controllers/AuthController.php on line 333
[11-Aug-2020 21:48:53 Africa/Lagos] PHP Notice:  Undefined offset: 0 in /home2/initfram/public_html/test/controllers/AuthController.php on line 344
[11-Aug-2020 21:48:53 Africa/Lagos] PHP Notice:  Undefined offset: 0 in /home2/initfram/public_html/test/controllers/AuthController.php on line 344
[11-Aug-2020 21:50:20 Africa/Lagos] PHP Notice:  Undefined variable: remember in /home2/initfram/public_html/test/controllers/AuthController.php on line 333
[11-Aug-2020 21:50:20 Africa/Lagos] PHP Notice:  Undefined offset: 0 in /home2/initfram/public_html/test/controllers/AuthController.php on line 344
[11-Aug-2020 21:50:20 Africa/Lagos] PHP Notice:  Undefined offset: 0 in /home2/initfram/public_html/test/controllers/AuthController.php on line 344
[11-Aug-2020 21:52:22 Africa/Lagos] PHP Notice:  Undefined variable: remember in /home2/initfram/public_html/test/controllers/AuthController.php on line 333
[11-Aug-2020 21:52:22 Africa/Lagos] PHP Notice:  Undefined offset: 0 in /home2/initfram/public_html/test/controllers/AuthController.php on line 344
[11-Aug-2020 21:52:22 Africa/Lagos] PHP Notice:  Undefined offset: 0 in /home2/initfram/public_html/test/controllers/AuthController.php on line 344
[11-Aug-2020 21:52:56 Africa/Lagos] PHP Notice:  Undefined variable: remember in /home2/initfram/public_html/test/controllers/AuthController.php on line 333
[11-Aug-2020 21:52:56 Africa/Lagos] PHP Notice:  Undefined offset: 0 in /home2/initfram/public_html/test/controllers/AuthController.php on line 344
[11-Aug-2020 21:52:56 Africa/Lagos] PHP Notice:  Undefined offset: 0 in /home2/initfram/public_html/test/controllers/AuthController.php on line 344
[11-Aug-2020 21:53:49 Africa/Lagos] PHP Notice:  Undefined variable: remember in /home2/initfram/public_html/test/controllers/AuthController.php on line 333
[11-Aug-2020 21:53:49 Africa/Lagos] PHP Notice:  Undefined offset: 0 in /home2/initfram/public_html/test/controllers/AuthController.php on line 344
[11-Aug-2020 21:53:49 Africa/Lagos] PHP Notice:  Undefined offset: 0 in /home2/initfram/public_html/test/controllers/AuthController.php on line 344
[11-Aug-2020 22:03:47 Africa/Lagos] PHP Notice:  Undefined variable: remember in /home2/initfram/public_html/test/controllers/AuthController.php on line 333
[11-Aug-2020 22:03:47 Africa/Lagos] PHP Notice:  Undefined offset: 0 in /home2/initfram/public_html/test/controllers/AuthController.php on line 344
[11-Aug-2020 22:03:47 Africa/Lagos] PHP Notice:  Undefined offset: 0 in /home2/initfram/public_html/test/controllers/AuthController.php on line 344
[11-Aug-2020 22:04:47 Africa/Lagos] PHP Notice:  Undefined variable: remember in /home2/initfram/public_html/test/controllers/AuthController.php on line 333
[11-Aug-2020 22:04:47 Africa/Lagos] PHP Notice:  Undefined offset: 0 in /home2/initfram/public_html/test/controllers/AuthController.php on line 344
[11-Aug-2020 22:04:47 Africa/Lagos] PHP Notice:  Undefined offset: 0 in /home2/initfram/public_html/test/controllers/AuthController.php on line 344
[11-Aug-2020 22:08:38 Africa/Lagos] PHP Notice:  Undefined variable: remember in /home2/initfram/public_html/test/controllers/AuthController.php on line 333
[11-Aug-2020 22:08:38 Africa/Lagos] PHP Notice:  Undefined offset: 0 in /home2/initfram/public_html/test/controllers/AuthController.php on line 344
[11-Aug-2020 22:08:38 Africa/Lagos] PHP Notice:  Undefined offset: 0 in /home2/initfram/public_html/test/controllers/AuthController.php on line 344
[11-Aug-2020 22:09:31 Africa/Lagos] PHP Notice:  Undefined variable: remember in /home2/initfram/public_html/test/controllers/AuthController.php on line 333
[11-Aug-2020 22:09:31 Africa/Lagos] PHP Notice:  Undefined offset: 0 in /home2/initfram/public_html/test/controllers/AuthController.php on line 344
[11-Aug-2020 22:09:31 Africa/Lagos] PHP Notice:  Undefined offset: 0 in /home2/initfram/public_html/test/controllers/AuthController.php on line 344
[11-Aug-2020 22:10:26 Africa/Lagos] PHP Notice:  Undefined variable: remember in /home2/initfram/public_html/test/controllers/AuthController.php on line 333
[11-Aug-2020 22:10:26 Africa/Lagos] PHP Notice:  Undefined offset: 0 in /home2/initfram/public_html/test/controllers/AuthController.php on line 344
[11-Aug-2020 22:10:26 Africa/Lagos] PHP Notice:  Undefined offset: 0 in /home2/initfram/public_html/test/controllers/AuthController.php on line 344
[11-Aug-2020 22:13:41 Africa/Lagos] PHP Notice:  Undefined variable: remember in /home2/initfram/public_html/test/controllers/AuthController.php on line 333
[11-Aug-2020 22:13:41 Africa/Lagos] PHP Notice:  Undefined offset: 0 in /home2/initfram/public_html/test/controllers/AuthController.php on line 344
[11-Aug-2020 22:13:41 Africa/Lagos] PHP Notice:  Undefined offset: 0 in /home2/initfram/public_html/test/controllers/AuthController.php on line 344
[11-Aug-2020 22:17:12 Africa/Lagos] PHP Notice:  Undefined variable: remember in /home2/initfram/public_html/test/controllers/AuthController.php on line 333
[11-Aug-2020 22:17:12 Africa/Lagos] PHP Notice:  Undefined offset: 0 in /home2/initfram/public_html/test/controllers/AuthController.php on line 344
[11-Aug-2020 22:17:12 Africa/Lagos] PHP Notice:  Undefined offset: 0 in /home2/initfram/public_html/test/controllers/AuthController.php on line 344
[11-Aug-2020 22:20:25 Africa/Lagos] PHP Notice:  Undefined variable: remember in /home2/initfram/public_html/test/controllers/AuthController.php on line 333
[11-Aug-2020 22:20:25 Africa/Lagos] PHP Notice:  Undefined offset: 0 in /home2/initfram/public_html/test/controllers/AuthController.php on line 344
[11-Aug-2020 22:20:25 Africa/Lagos] PHP Notice:  Undefined offset: 0 in /home2/initfram/public_html/test/controllers/AuthController.php on line 344
[11-Aug-2020 22:24:32 Africa/Lagos] PHP Notice:  Undefined variable: remember in /home2/initfram/public_html/test/controllers/AuthController.php on line 333
[11-Aug-2020 22:24:32 Africa/Lagos] PHP Notice:  Undefined offset: 0 in /home2/initfram/public_html/test/controllers/AuthController.php on line 344
[11-Aug-2020 22:24:32 Africa/Lagos] PHP Notice:  Undefined offset: 0 in /home2/initfram/public_html/test/controllers/AuthController.php on line 344
[11-Aug-2020 22:30:48 Africa/Lagos] PHP Notice:  Undefined variable: remember in /home2/initfram/public_html/test/controllers/AuthController.php on line 333
[11-Aug-2020 22:30:48 Africa/Lagos] PHP Notice:  Undefined offset: 0 in /home2/initfram/public_html/test/controllers/AuthController.php on line 344
[11-Aug-2020 22:30:48 Africa/Lagos] PHP Notice:  Undefined offset: 0 in /home2/initfram/public_html/test/controllers/AuthController.php on line 344
[11-Aug-2020 22:32:09 Africa/Lagos] PHP Notice:  Undefined variable: remember in /home2/initfram/public_html/test/controllers/AuthController.php on line 333
[11-Aug-2020 22:32:09 Africa/Lagos] PHP Notice:  Undefined offset: 0 in /home2/initfram/public_html/test/controllers/AuthController.php on line 344
[11-Aug-2020 22:32:09 Africa/Lagos] PHP Notice:  Undefined offset: 0 in /home2/initfram/public_html/test/controllers/AuthController.php on line 344
[11-Aug-2020 22:45:58 Africa/Lagos] PHP Notice:  Undefined variable: remember in /home2/initfram/public_html/test/controllers/AuthController.php on line 333
[11-Aug-2020 22:45:58 Africa/Lagos] PHP Notice:  Undefined offset: 0 in /home2/initfram/public_html/test/controllers/AuthController.php on line 344
[11-Aug-2020 22:45:58 Africa/Lagos] PHP Notice:  Undefined offset: 0 in /home2/initfram/public_html/test/controllers/AuthController.php on line 344
[11-Aug-2020 22:56:39 Africa/Lagos] PHP Notice:  Undefined variable: remember in /home2/initfram/public_html/test/controllers/AuthController.php on line 333
[11-Aug-2020 22:56:39 Africa/Lagos] PHP Notice:  Undefined offset: 0 in /home2/initfram/public_html/test/controllers/AuthController.php on line 344
[11-Aug-2020 22:56:39 Africa/Lagos] PHP Notice:  Undefined offset: 0 in /home2/initfram/public_html/test/controllers/AuthController.php on line 344
[11-Aug-2020 22:58:04 Africa/Lagos] PHP Notice:  Undefined variable: remember in /home2/initfram/public_html/test/controllers/AuthController.php on line 333
[11-Aug-2020 22:58:04 Africa/Lagos] PHP Notice:  Undefined offset: 0 in /home2/initfram/public_html/test/controllers/AuthController.php on line 344
[11-Aug-2020 22:58:04 Africa/Lagos] PHP Notice:  Undefined offset: 0 in /home2/initfram/public_html/test/controllers/AuthController.php on line 344
[11-Aug-2020 23:00:15 Africa/Lagos] PHP Notice:  Undefined variable: remember in /home2/initfram/public_html/test/controllers/AuthController.php on line 333
[11-Aug-2020 23:00:15 Africa/Lagos] PHP Notice:  Undefined offset: 0 in /home2/initfram/public_html/test/controllers/AuthController.php on line 344
[11-Aug-2020 23:00:15 Africa/Lagos] PHP Notice:  Undefined offset: 0 in /home2/initfram/public_html/test/controllers/AuthController.php on line 344
[11-Aug-2020 23:06:02 Africa/Lagos] PHP Notice:  Undefined variable: remember in /home2/initfram/public_html/test/controllers/AuthController.php on line 333
[11-Aug-2020 23:06:02 Africa/Lagos] PHP Notice:  Undefined offset: 0 in /home2/initfram/public_html/test/controllers/AuthController.php on line 344
[11-Aug-2020 23:06:02 Africa/Lagos] PHP Notice:  Undefined offset: 0 in /home2/initfram/public_html/test/controllers/AuthController.php on line 344
[11-Aug-2020 23:07:14 Africa/Lagos] PHP Notice:  Undefined variable: remember in /home2/initfram/public_html/test/controllers/AuthController.php on line 333
[11-Aug-2020 23:07:14 Africa/Lagos] PHP Notice:  Undefined offset: 0 in /home2/initfram/public_html/test/controllers/AuthController.php on line 344
[11-Aug-2020 23:07:14 Africa/Lagos] PHP Notice:  Undefined offset: 0 in /home2/initfram/public_html/test/controllers/AuthController.php on line 344
[11-Aug-2020 23:08:13 Africa/Lagos] PHP Notice:  Undefined variable: remember in /home2/initfram/public_html/test/controllers/AuthController.php on line 333
[11-Aug-2020 23:08:13 Africa/Lagos] PHP Notice:  Undefined offset: 0 in /home2/initfram/public_html/test/controllers/AuthController.php on line 344
[11-Aug-2020 23:08:13 Africa/Lagos] PHP Notice:  Undefined offset: 0 in /home2/initfram/public_html/test/controllers/AuthController.php on line 344
[11-Aug-2020 23:09:30 Africa/Lagos] PHP Notice:  Undefined variable: remember in /home2/initfram/public_html/test/controllers/AuthController.php on line 333
[11-Aug-2020 23:09:30 Africa/Lagos] PHP Notice:  Undefined offset: 0 in /home2/initfram/public_html/test/controllers/AuthController.php on line 344
[11-Aug-2020 23:09:30 Africa/Lagos] PHP Notice:  Undefined offset: 0 in /home2/initfram/public_html/test/controllers/AuthController.php on line 344
[11-Aug-2020 23:10:59 Africa/Lagos] PHP Notice:  Undefined variable: remember in /home2/initfram/public_html/test/controllers/AuthController.php on line 333
[11-Aug-2020 23:10:59 Africa/Lagos] PHP Notice:  Undefined offset: 0 in /home2/initfram/public_html/test/controllers/AuthController.php on line 344
[11-Aug-2020 23:10:59 Africa/Lagos] PHP Notice:  Undefined offset: 0 in /home2/initfram/public_html/test/controllers/AuthController.php on line 344
[11-Aug-2020 23:11:34 Africa/Lagos] PHP Notice:  Undefined variable: remember in /home2/initfram/public_html/test/controllers/AuthController.php on line 333
[11-Aug-2020 23:11:34 Africa/Lagos] PHP Notice:  Undefined offset: 0 in /home2/initfram/public_html/test/controllers/AuthController.php on line 344
[11-Aug-2020 23:11:34 Africa/Lagos] PHP Notice:  Undefined offset: 0 in /home2/initfram/public_html/test/controllers/AuthController.php on line 344
[11-Aug-2020 23:12:34 Africa/Lagos] PHP Notice:  Undefined variable: remember in /home2/initfram/public_html/test/controllers/AuthController.php on line 333
[11-Aug-2020 23:12:34 Africa/Lagos] PHP Notice:  Undefined offset: 0 in /home2/initfram/public_html/test/controllers/AuthController.php on line 344
[11-Aug-2020 23:12:34 Africa/Lagos] PHP Notice:  Undefined offset: 0 in /home2/initfram/public_html/test/controllers/AuthController.php on line 344
[11-Aug-2020 23:13:00 Africa/Lagos] PHP Notice:  Undefined variable: remember in /home2/initfram/public_html/test/controllers/AuthController.php on line 333
[11-Aug-2020 23:13:00 Africa/Lagos] PHP Notice:  Undefined offset: 0 in /home2/initfram/public_html/test/controllers/AuthController.php on line 344
[11-Aug-2020 23:13:00 Africa/Lagos] PHP Notice:  Undefined offset: 0 in /home2/initfram/public_html/test/controllers/AuthController.php on line 344
[11-Aug-2020 23:20:38 Africa/Lagos] PHP Notice:  Undefined variable: remember in /home2/initfram/public_html/test/controllers/AuthController.php on line 333
[11-Aug-2020 23:20:38 Africa/Lagos] PHP Notice:  Undefined offset: 0 in /home2/initfram/public_html/test/controllers/AuthController.php on line 344
[11-Aug-2020 23:20:38 Africa/Lagos] PHP Notice:  Undefined offset: 0 in /home2/initfram/public_html/test/controllers/AuthController.php on line 344
[11-Aug-2020 23:28:05 Africa/Lagos] PHP Notice:  Undefined offset: 0 in /home2/initfram/public_html/test/controllers/StudentController.php on line 132
[11-Aug-2020 23:28:05 Africa/Lagos] PHP Fatal error:  Uncaught PDOException: SQLSTATE[42000]: Syntax error or access violation: 1064 You have an error in your SQL syntax; check the manual that corresponds to your MySQL server version for the right syntax to use near 'AND student_id = 'j.hamlet@gmail.com'' at line 1 in /home2/initfram/public_html/test/vendor/ebukaodini/initframework/src/Framework/Database/Model.php:115
Stack trace:
#0 /home2/initfram/public_html/test/vendor/ebukaodini/initframework/src/Framework/Database/Model.php(115): PDOStatement->execute()
#1 /home2/initfram/public_html/test/models/StudentCourseModel.php(33): Framework\Database\Model->update(Array)
#2 /home2/initfram/public_html/test/controllers/StudentController.php(156): Models\StudentCourseModel->updateCourseStatus(NULL, 'j.hamlet@gmail....', 1)
#3 /home2/initfram/public_html/test/controllers/StudentController.php(133): Controllers\StudentController->makeCourseActive(NULL, 'j.hamlet@gmail....')
#4 /home2/initfram/public_html/test/vendor/ebukaodini/initframework/src/Framework/Http/Routing.p in /home2/initfram/public_html/test/vendor/ebukaodini/initframework/src/Framework/Database/Model.php on line 115
[11-Aug-2020 23:28:50 Africa/Lagos] PHP Notice:  Undefined variable: remember in /home2/initfram/public_html/test/controllers/AuthController.php on line 333
[11-Aug-2020 23:28:50 Africa/Lagos] PHP Notice:  Undefined offset: 0 in /home2/initfram/public_html/test/controllers/AuthController.php on line 344
[11-Aug-2020 23:28:50 Africa/Lagos] PHP Notice:  Undefined offset: 0 in /home2/initfram/public_html/test/controllers/AuthController.php on line 344
[11-Aug-2020 23:29:06 Africa/Lagos] PHP Notice:  Undefined variable: remember in /home2/initfram/public_html/test/controllers/AuthController.php on line 333
[11-Aug-2020 23:29:06 Africa/Lagos] PHP Notice:  Undefined offset: 0 in /home2/initfram/public_html/test/controllers/AuthController.php on line 344
[11-Aug-2020 23:29:06 Africa/Lagos] PHP Notice:  Undefined offset: 0 in /home2/initfram/public_html/test/controllers/AuthController.php on line 344
[11-Aug-2020 23:29:55 Africa/Lagos] PHP Notice:  Undefined offset: 0 in /home2/initfram/public_html/test/controllers/StudentController.php on line 132
[11-Aug-2020 23:29:55 Africa/Lagos] PHP Fatal error:  Uncaught PDOException: SQLSTATE[42000]: Syntax error or access violation: 1064 You have an error in your SQL syntax; check the manual that corresponds to your MySQL server version for the right syntax to use near 'AND student_id = 'j.hamlet@gmail.com'' at line 1 in /home2/initfram/public_html/test/vendor/ebukaodini/initframework/src/Framework/Database/Model.php:115
Stack trace:
#0 /home2/initfram/public_html/test/vendor/ebukaodini/initframework/src/Framework/Database/Model.php(115): PDOStatement->execute()
#1 /home2/initfram/public_html/test/models/StudentCourseModel.php(33): Framework\Database\Model->update(Array)
#2 /home2/initfram/public_html/test/controllers/StudentController.php(156): Models\StudentCourseModel->updateCourseStatus(NULL, 'j.hamlet@gmail....', 1)
#3 /home2/initfram/public_html/test/controllers/StudentController.php(133): Controllers\StudentController->makeCourseActive(NULL, 'j.hamlet@gmail....')
#4 /home2/initfram/public_html/test/vendor/ebukaodini/initframework/src/Framework/Http/Routing.p in /home2/initfram/public_html/test/vendor/ebukaodini/initframework/src/Framework/Database/Model.php on line 115
[11-Aug-2020 23:30:03 Africa/Lagos] PHP Notice:  Undefined offset: 0 in /home2/initfram/public_html/test/controllers/StudentController.php on line 132
[11-Aug-2020 23:30:03 Africa/Lagos] PHP Fatal error:  Uncaught PDOException: SQLSTATE[42000]: Syntax error or access violation: 1064 You have an error in your SQL syntax; check the manual that corresponds to your MySQL server version for the right syntax to use near 'AND student_id = 'j.hamlet@gmail.com'' at line 1 in /home2/initfram/public_html/test/vendor/ebukaodini/initframework/src/Framework/Database/Model.php:115
Stack trace:
#0 /home2/initfram/public_html/test/vendor/ebukaodini/initframework/src/Framework/Database/Model.php(115): PDOStatement->execute()
#1 /home2/initfram/public_html/test/models/StudentCourseModel.php(33): Framework\Database\Model->update(Array)
#2 /home2/initfram/public_html/test/controllers/StudentController.php(156): Models\StudentCourseModel->updateCourseStatus(NULL, 'j.hamlet@gmail....', 1)
#3 /home2/initfram/public_html/test/controllers/StudentController.php(133): Controllers\StudentController->makeCourseActive(NULL, 'j.hamlet@gmail....')
#4 /home2/initfram/public_html/test/vendor/ebukaodini/initframework/src/Framework/Http/Routing.p in /home2/initfram/public_html/test/vendor/ebukaodini/initframework/src/Framework/Database/Model.php on line 115
[12-Aug-2020 02:38:07 Africa/Lagos] PHP Notice:  Undefined variable: remember in /home2/initfram/public_html/test/controllers/AuthController.php on line 333
[12-Aug-2020 02:38:07 Africa/Lagos] PHP Notice:  Undefined offset: 0 in /home2/initfram/public_html/test/controllers/AuthController.php on line 344
[12-Aug-2020 02:38:07 Africa/Lagos] PHP Notice:  Undefined offset: 0 in /home2/initfram/public_html/test/controllers/AuthController.php on line 344
[12-Aug-2020 02:39:58 Africa/Lagos] PHP Notice:  Undefined offset: 0 in /home2/initfram/public_html/test/controllers/StudentController.php on line 132
[12-Aug-2020 02:39:58 Africa/Lagos] PHP Fatal error:  Uncaught PDOException: SQLSTATE[42000]: Syntax error or access violation: 1064 You have an error in your SQL syntax; check the manual that corresponds to your MySQL server version for the right syntax to use near 'AND student_id = 'j.hamlet@gmail.com'' at line 1 in /home2/initfram/public_html/test/vendor/ebukaodini/initframework/src/Framework/Database/Model.php:115
Stack trace:
#0 /home2/initfram/public_html/test/vendor/ebukaodini/initframework/src/Framework/Database/Model.php(115): PDOStatement->execute()
#1 /home2/initfram/public_html/test/models/StudentCourseModel.php(33): Framework\Database\Model->update(Array)
#2 /home2/initfram/public_html/test/controllers/StudentController.php(156): Models\StudentCourseModel->updateCourseStatus(NULL, 'j.hamlet@gmail....', 1)
#3 /home2/initfram/public_html/test/controllers/StudentController.php(133): Controllers\StudentController->makeCourseActive(NULL, 'j.hamlet@gmail....')
#4 /home2/initfram/public_html/test/vendor/ebukaodini/initframework/src/Framework/Http/Routing.p in /home2/initfram/public_html/test/vendor/ebukaodini/initframework/src/Framework/Database/Model.php on line 115
[12-Aug-2020 04:28:18 Africa/Lagos] PHP Notice:  Undefined variable: remember in /home2/initfram/public_html/test/controllers/AuthController.php on line 333
[12-Aug-2020 04:28:18 Africa/Lagos] PHP Notice:  Undefined offset: 0 in /home2/initfram/public_html/test/controllers/AuthController.php on line 344
[12-Aug-2020 04:28:18 Africa/Lagos] PHP Notice:  Undefined offset: 0 in /home2/initfram/public_html/test/controllers/AuthController.php on line 344
[12-Aug-2020 04:31:23 Africa/Lagos] PHP Notice:  Undefined variable: remember in /home2/initfram/public_html/test/controllers/AuthController.php on line 333
[12-Aug-2020 04:31:23 Africa/Lagos] PHP Notice:  Undefined offset: 0 in /home2/initfram/public_html/test/controllers/AuthController.php on line 344
[12-Aug-2020 04:31:23 Africa/Lagos] PHP Notice:  Undefined offset: 0 in /home2/initfram/public_html/test/controllers/AuthController.php on line 344
[12-Aug-2020 04:32:08 Africa/Lagos] PHP Notice:  Undefined variable: remember in /home2/initfram/public_html/test/controllers/AuthController.php on line 333
[12-Aug-2020 04:32:08 Africa/Lagos] PHP Notice:  Undefined offset: 0 in /home2/initfram/public_html/test/controllers/AuthController.php on line 344
[12-Aug-2020 04:32:08 Africa/Lagos] PHP Notice:  Undefined offset: 0 in /home2/initfram/public_html/test/controllers/AuthController.php on line 344
[12-Aug-2020 04:32:15 Africa/Lagos] PHP Notice:  Undefined variable: remember in /home2/initfram/public_html/test/controllers/AuthController.php on line 333
[12-Aug-2020 04:32:15 Africa/Lagos] PHP Notice:  Undefined offset: 0 in /home2/initfram/public_html/test/controllers/AuthController.php on line 344
[12-Aug-2020 04:32:15 Africa/Lagos] PHP Notice:  Undefined offset: 0 in /home2/initfram/public_html/test/controllers/AuthController.php on line 344
[12-Aug-2020 04:43:47 Africa/Lagos] PHP Notice:  Undefined variable: remember in /home2/initfram/public_html/test/controllers/AuthController.php on line 333
[12-Aug-2020 04:43:47 Africa/Lagos] PHP Notice:  Undefined offset: 0 in /home2/initfram/public_html/test/controllers/AuthController.php on line 344
[12-Aug-2020 04:43:47 Africa/Lagos] PHP Notice:  Undefined offset: 0 in /home2/initfram/public_html/test/controllers/AuthController.php on line 344
[12-Aug-2020 05:01:08 Africa/Lagos] PHP Notice:  Undefined variable: remember in /home2/initfram/public_html/test/controllers/AuthController.php on line 333
[12-Aug-2020 05:01:08 Africa/Lagos] PHP Notice:  Undefined offset: 0 in /home2/initfram/public_html/test/controllers/AuthController.php on line 344
[12-Aug-2020 05:01:08 Africa/Lagos] PHP Notice:  Undefined offset: 0 in /home2/initfram/public_html/test/controllers/AuthController.php on line 344
[12-Aug-2020 05:05:59 Africa/Lagos] PHP Notice:  Undefined variable: remember in /home2/initfram/public_html/test/controllers/AuthController.php on line 333
[12-Aug-2020 05:05:59 Africa/Lagos] PHP Notice:  Undefined offset: 0 in /home2/initfram/public_html/test/controllers/AuthController.php on line 344
[12-Aug-2020 05:05:59 Africa/Lagos] PHP Notice:  Undefined offset: 0 in /home2/initfram/public_html/test/controllers/AuthController.php on line 344
[12-Aug-2020 05:13:15 Africa/Lagos] PHP Notice:  Undefined variable: remember in /home2/initfram/public_html/test/controllers/AuthController.php on line 333
[12-Aug-2020 05:13:15 Africa/Lagos] PHP Notice:  Undefined offset: 0 in /home2/initfram/public_html/test/controllers/AuthController.php on line 344
[12-Aug-2020 05:13:15 Africa/Lagos] PHP Notice:  Undefined offset: 0 in /home2/initfram/public_html/test/controllers/AuthController.php on line 344
[12-Aug-2020 05:14:02 Africa/Lagos] PHP Notice:  Undefined variable: remember in /home2/initfram/public_html/test/controllers/AuthController.php on line 333
[12-Aug-2020 05:14:02 Africa/Lagos] PHP Notice:  Undefined offset: 0 in /home2/initfram/public_html/test/controllers/AuthController.php on line 344
[12-Aug-2020 05:14:02 Africa/Lagos] PHP Notice:  Undefined offset: 0 in /home2/initfram/public_html/test/controllers/AuthController.php on line 344
[12-Aug-2020 05:14:45 Africa/Lagos] PHP Notice:  Undefined variable: remember in /home2/initfram/public_html/test/controllers/AuthController.php on line 333
[12-Aug-2020 05:14:45 Africa/Lagos] PHP Notice:  Undefined offset: 0 in /home2/initfram/public_html/test/controllers/AuthController.php on line 344
[12-Aug-2020 05:14:45 Africa/Lagos] PHP Notice:  Undefined offset: 0 in /home2/initfram/public_html/test/controllers/AuthController.php on line 344
[12-Aug-2020 06:19:11 Africa/Lagos] PHP Notice:  Undefined variable: remember in /home2/initfram/public_html/test/controllers/AuthController.php on line 333
[12-Aug-2020 06:19:11 Africa/Lagos] PHP Notice:  Undefined offset: 0 in /home2/initfram/public_html/test/controllers/AuthController.php on line 344
[12-Aug-2020 06:19:11 Africa/Lagos] PHP Notice:  Undefined offset: 0 in /home2/initfram/public_html/test/controllers/AuthController.php on line 344
[12-Aug-2020 06:23:18 Africa/Lagos] PHP Notice:  Undefined variable: remember in /home2/initfram/public_html/test/controllers/AuthController.php on line 333
[12-Aug-2020 06:23:18 Africa/Lagos] PHP Notice:  Undefined offset: 0 in /home2/initfram/public_html/test/controllers/AuthController.php on line 344
[12-Aug-2020 06:23:18 Africa/Lagos] PHP Notice:  Undefined offset: 0 in /home2/initfram/public_html/test/controllers/AuthController.php on line 344
[12-Aug-2020 06:24:24 Africa/Lagos] PHP Notice:  Undefined variable: remember in /home2/initfram/public_html/test/controllers/AuthController.php on line 333
[12-Aug-2020 06:24:24 Africa/Lagos] PHP Notice:  Undefined offset: 0 in /home2/initfram/public_html/test/controllers/AuthController.php on line 344
[12-Aug-2020 06:24:24 Africa/Lagos] PHP Notice:  Undefined offset: 0 in /home2/initfram/public_html/test/controllers/AuthController.php on line 344
[12-Aug-2020 11:05:17 Africa/Lagos] PHP Notice:  Undefined variable: remember in /home2/initfram/public_html/test/controllers/AuthController.php on line 333
[12-Aug-2020 11:05:17 Africa/Lagos] PHP Notice:  Undefined offset: 0 in /home2/initfram/public_html/test/controllers/AuthController.php on line 344
[12-Aug-2020 11:05:17 Africa/Lagos] PHP Notice:  Undefined offset: 0 in /home2/initfram/public_html/test/controllers/AuthController.php on line 344
[13-Aug-2020 01:17:34 Africa/Lagos] PHP Notice:  Undefined variable: remember in /home2/initfram/public_html/test/controllers/AuthController.php on line 333
[13-Aug-2020 01:17:34 Africa/Lagos] PHP Notice:  Undefined offset: 0 in /home2/initfram/public_html/test/controllers/AuthController.php on line 344
[13-Aug-2020 01:17:34 Africa/Lagos] PHP Notice:  Undefined offset: 0 in /home2/initfram/public_html/test/controllers/AuthController.php on line 344
[13-Aug-2020 01:18:31 Africa/Lagos] PHP Notice:  Undefined variable: remember in /home2/initfram/public_html/test/controllers/AuthController.php on line 333
[13-Aug-2020 01:18:31 Africa/Lagos] PHP Notice:  Undefined offset: 0 in /home2/initfram/public_html/test/controllers/AuthController.php on line 344
[13-Aug-2020 01:18:31 Africa/Lagos] PHP Notice:  Undefined offset: 0 in /home2/initfram/public_html/test/controllers/AuthController.php on line 344
[13-Aug-2020 03:00:36 Africa/Lagos] PHP Notice:  Undefined variable: remember in /home2/initfram/public_html/test/controllers/AuthController.php on line 333
[13-Aug-2020 03:00:36 Africa/Lagos] PHP Notice:  Undefined offset: 0 in /home2/initfram/public_html/test/controllers/AuthController.php on line 344
[13-Aug-2020 03:00:36 Africa/Lagos] PHP Notice:  Undefined offset: 0 in /home2/initfram/public_html/test/controllers/AuthController.php on line 344
[15-Sep-2020 06:27:20 Africa/Lagos] PHP Notice:  Undefined variable: remember in /home2/initfram/public_html/test/controllers/AuthController.php on line 333
[15-Sep-2020 06:27:20 Africa/Lagos] PHP Notice:  Undefined offset: 0 in /home2/initfram/public_html/test/controllers/AuthController.php on line 344
[15-Sep-2020 06:27:20 Africa/Lagos] PHP Notice:  Undefined offset: 0 in /home2/initfram/public_html/test/controllers/AuthController.php on line 344
[15-Sep-2020 06:59:36 Africa/Lagos] PHP Notice:  Undefined variable: remember in /home2/initfram/public_html/test/controllers/AuthController.php on line 333
[15-Sep-2020 06:59:36 Africa/Lagos] PHP Notice:  Undefined offset: 0 in /home2/initfram/public_html/test/controllers/AuthController.php on line 344
[15-Sep-2020 06:59:36 Africa/Lagos] PHP Notice:  Undefined offset: 0 in /home2/initfram/public_html/test/controllers/AuthController.php on line 344
[15-Sep-2020 07:00:26 Africa/Lagos] PHP Notice:  Undefined variable: remember in /home2/initfram/public_html/test/controllers/AuthController.php on line 333
[15-Sep-2020 07:00:26 Africa/Lagos] PHP Notice:  Undefined offset: 0 in /home2/initfram/public_html/test/controllers/AuthController.php on line 344
[15-Sep-2020 07:00:26 Africa/Lagos] PHP Notice:  Undefined offset: 0 in /home2/initfram/public_html/test/controllers/AuthController.php on line 344
[15-Sep-2020 22:21:01 Africa/Lagos] PHP Notice:  Undefined variable: remember in /home2/initfram/public_html/test/controllers/AuthController.php on line 333
[15-Sep-2020 22:21:01 Africa/Lagos] PHP Notice:  Undefined offset: 0 in /home2/initfram/public_html/test/controllers/AuthController.php on line 344
[15-Sep-2020 22:21:01 Africa/Lagos] PHP Notice:  Undefined offset: 0 in /home2/initfram/public_html/test/controllers/AuthController.php on line 344
[15-Sep-2020 23:10:41 Africa/Lagos] PHP Notice:  Undefined variable: remember in /home2/initfram/public_html/test/controllers/AuthController.php on line 333
[15-Sep-2020 23:10:41 Africa/Lagos] PHP Notice:  Undefined offset: 0 in /home2/initfram/public_html/test/controllers/AuthController.php on line 344
[15-Sep-2020 23:10:41 Africa/Lagos] PHP Notice:  Undefined offset: 0 in /home2/initfram/public_html/test/controllers/AuthController.php on line 344
[16-Sep-2020 00:49:08 Africa/Lagos] PHP Notice:  Undefined variable: remember in /home2/initfram/public_html/test/controllers/AuthController.php on line 333
[16-Sep-2020 00:49:08 Africa/Lagos] PHP Notice:  Undefined offset: 0 in /home2/initfram/public_html/test/controllers/AuthController.php on line 344
[16-Sep-2020 00:49:08 Africa/Lagos] PHP Notice:  Undefined offset: 0 in /home2/initfram/public_html/test/controllers/AuthController.php on line 344
[16-Sep-2020 00:57:29 Africa/Lagos] PHP Notice:  Undefined variable: remember in /home2/initfram/public_html/test/controllers/AuthController.php on line 333
[16-Sep-2020 00:57:29 Africa/Lagos] PHP Notice:  Undefined offset: 0 in /home2/initfram/public_html/test/controllers/AuthController.php on line 344
[16-Sep-2020 00:57:29 Africa/Lagos] PHP Notice:  Undefined offset: 0 in /home2/initfram/public_html/test/controllers/AuthController.php on line 344
[16-Sep-2020 01:03:21 Africa/Lagos] PHP Notice:  Undefined variable: remember in /home2/initfram/public_html/test/controllers/AuthController.php on line 333
[16-Sep-2020 01:03:21 Africa/Lagos] PHP Notice:  Undefined offset: 0 in /home2/initfram/public_html/test/controllers/AuthController.php on line 344
[16-Sep-2020 01:03:21 Africa/Lagos] PHP Notice:  Undefined offset: 0 in /home2/initfram/public_html/test/controllers/AuthController.php on line 344
[16-Sep-2020 01:26:34 Africa/Lagos] PHP Notice:  Undefined variable: remember in /home2/initfram/public_html/test/controllers/AuthController.php on line 333
[16-Sep-2020 01:26:34 Africa/Lagos] PHP Notice:  Undefined offset: 0 in /home2/initfram/public_html/test/controllers/AuthController.php on line 344
[16-Sep-2020 01:26:34 Africa/Lagos] PHP Notice:  Undefined offset: 0 in /home2/initfram/public_html/test/controllers/AuthController.php on line 344
[16-Sep-2020 01:29:02 Africa/Lagos] PHP Notice:  Undefined variable: remember in /home2/initfram/public_html/test/controllers/AuthController.php on line 333
[16-Sep-2020 01:29:02 Africa/Lagos] PHP Notice:  Undefined offset: 0 in /home2/initfram/public_html/test/controllers/AuthController.php on line 344
[16-Sep-2020 01:29:02 Africa/Lagos] PHP Notice:  Undefined offset: 0 in /home2/initfram/public_html/test/controllers/AuthController.php on line 344
[16-Sep-2020 01:35:39 Africa/Lagos] PHP Notice:  Undefined variable: remember in /home2/initfram/public_html/test/controllers/AuthController.php on line 333
[16-Sep-2020 01:35:39 Africa/Lagos] PHP Notice:  Undefined offset: 0 in /home2/initfram/public_html/test/controllers/AuthController.php on line 344
[16-Sep-2020 01:35:39 Africa/Lagos] PHP Notice:  Undefined offset: 0 in /home2/initfram/public_html/test/controllers/AuthController.php on line 344
[16-Sep-2020 01:38:44 Africa/Lagos] PHP Notice:  Array to string conversion in /home2/initfram/public_html/test/models/LessonModel.php on line 21
[16-Sep-2020 01:38:44 Africa/Lagos] PHP Fatal error:  Uncaught PDOException: SQLSTATE[42S22]: Column not found: 1054 Unknown column 'Array' in 'where clause' in /home2/initfram/public_html/test/vendor/ebukaodini/initframework/src/Framework/Database/Model.php:80
Stack trace:
#0 /home2/initfram/public_html/test/vendor/ebukaodini/initframework/src/Framework/Database/Model.php(80): PDOStatement->execute()
#1 /home2/initfram/public_html/test/models/LessonModel.php(21): Framework\Database\Model->read('*')
#2 /home2/initfram/public_html/test/controllers/StudentController.php(610): Models\LessonModel->getLesson(Array)
#3 /home2/initfram/public_html/test/vendor/ebukaodini/initframework/src/Framework/Http/Routing.php(53): Controllers\StudentController->freeLessons(Object(Framework\Http\Request), Object(Framework\Http\Response))
#4 /home2/initfram/public_html/test/vendor/ebukaodini/initframework/src/Framework/Http/Http.php(101): Framework\Http\Routing::route('StudentControll...', Object(Framework\Http\Request), Object(Framework\Http\Response))
#5 /home2/initfram/public_htm in /home2/initfram/public_html/test/vendor/ebukaodini/initframework/src/Framework/Database/Model.php on line 80
[16-Sep-2020 02:51:45 Africa/Lagos] PHP Notice:  Undefined variable: remember in /home2/initfram/public_html/test/controllers/AuthController.php on line 333
[16-Sep-2020 02:51:45 Africa/Lagos] PHP Notice:  Undefined offset: 0 in /home2/initfram/public_html/test/controllers/AuthController.php on line 344
[16-Sep-2020 02:51:45 Africa/Lagos] PHP Notice:  Undefined offset: 0 in /home2/initfram/public_html/test/controllers/AuthController.php on line 344
[16-Sep-2020 02:57:50 Africa/Lagos] PHP Notice:  Undefined variable: remember in /home2/initfram/public_html/test/controllers/AuthController.php on line 333
[16-Sep-2020 02:57:50 Africa/Lagos] PHP Notice:  Undefined offset: 0 in /home2/initfram/public_html/test/controllers/AuthController.php on line 344
[16-Sep-2020 02:57:50 Africa/Lagos] PHP Notice:  Undefined offset: 0 in /home2/initfram/public_html/test/controllers/AuthController.php on line 344
[16-Sep-2020 04:38:11 Africa/Lagos] PHP Notice:  Undefined variable: remember in /home2/initfram/public_html/test/controllers/AuthController.php on line 333
[16-Sep-2020 04:38:11 Africa/Lagos] PHP Notice:  Undefined offset: 0 in /home2/initfram/public_html/test/controllers/AuthController.php on line 344
[16-Sep-2020 04:38:11 Africa/Lagos] PHP Notice:  Undefined offset: 0 in /home2/initfram/public_html/test/controllers/AuthController.php on line 344
[16-Sep-2020 04:40:20 Africa/Lagos] PHP Notice:  Undefined variable: remember in /home2/initfram/public_html/test/controllers/AuthController.php on line 333
[16-Sep-2020 04:40:20 Africa/Lagos] PHP Notice:  Undefined offset: 0 in /home2/initfram/public_html/test/controllers/AuthController.php on line 344
[16-Sep-2020 04:40:20 Africa/Lagos] PHP Notice:  Undefined offset: 0 in /home2/initfram/public_html/test/controllers/AuthController.php on line 344
[16-Sep-2020 04:45:00 Africa/Lagos] PHP Notice:  Undefined variable: remember in /home2/initfram/public_html/test/controllers/AuthController.php on line 333
[16-Sep-2020 04:45:00 Africa/Lagos] PHP Notice:  Undefined offset: 0 in /home2/initfram/public_html/test/controllers/AuthController.php on line 344
[16-Sep-2020 04:45:00 Africa/Lagos] PHP Notice:  Undefined offset: 0 in /home2/initfram/public_html/test/controllers/AuthController.php on line 344
[16-Sep-2020 18:15:33 Africa/Lagos] PHP Notice:  Undefined variable: remember in /home2/initfram/public_html/test/controllers/AuthController.php on line 333
[16-Sep-2020 18:15:33 Africa/Lagos] PHP Notice:  Undefined offset: 0 in /home2/initfram/public_html/test/controllers/AuthController.php on line 344
[16-Sep-2020 18:15:33 Africa/Lagos] PHP Notice:  Undefined offset: 0 in /home2/initfram/public_html/test/controllers/AuthController.php on line 344
[23-Sep-2020 03:08:48 Africa/Lagos] PHP Notice:  Undefined variable: remember in /home2/initfram/public_html/test/controllers/AuthController.php on line 333
[23-Sep-2020 03:08:48 Africa/Lagos] PHP Notice:  Undefined offset: 0 in /home2/initfram/public_html/test/controllers/AuthController.php on line 344
[23-Sep-2020 03:08:48 Africa/Lagos] PHP Notice:  Undefined offset: 0 in /home2/initfram/public_html/test/controllers/AuthController.php on line 344
[23-Sep-2020 03:15:22 Africa/Lagos] PHP Notice:  Undefined variable: remember in /home2/initfram/public_html/test/controllers/AuthController.php on line 333
[23-Sep-2020 03:15:22 Africa/Lagos] PHP Notice:  Undefined offset: 0 in /home2/initfram/public_html/test/controllers/AuthController.php on line 344
[23-Sep-2020 03:15:22 Africa/Lagos] PHP Notice:  Undefined offset: 0 in /home2/initfram/public_html/test/controllers/AuthController.php on line 344
